#
# A fatal error has been detected by the Java Runtime Environment:
#
#  EXCEPTION_ACCESS_VIOLATION (0xc0000005) at pc=0x0000000000000000, pid=4520, tid=3568
#
# JRE version: OpenJDK Runtime Environment Temurin-11.0.18+10 (11.0.18+10) (build 11.0.18+10)
# Java VM: OpenJDK 64-Bit Server VM Temurin-11.0.18+10 (11.0.18+10, mixed mode, tiered, compressed oops, g1 gc, windows-amd64)
# Problematic frame:
# C  0x0000000000000000
#
# No core dump will be written. Minidumps are not enabled by default on client versions of Windows
#
# If you would like to submit a bug report, please visit:
#   https://github.com/adoptium/adoptium-support/issues
#

---------------  S U M M A R Y ------------

Command Line: -Dfile.encoding=windows-1252 -Duser.country=US -Duser.language=en -Duser.variant -ea com.erishiongames.MortarPestlePluginTest --developer-mode

Host: Intel(R) Core(TM) i7-7700K CPU @ 4.20GHz, 8 cores, 31G,  Windows 10 , 64 bit Build 19041 (10.0.19041.2364)
Time: Thu Feb  2 16:00:06 2023 Eastern Standard Time elapsed time: 981.207008 seconds (0d 0h 16m 21s)

---------------  T H R E A D  ---------------

Current thread (0x000002475d14f000):  VMThread "VM Thread" [stack: 0x0000008de8900000,0x0000008de8a00000] [id=3568]

Stack: [0x0000008de8900000,0x0000008de8a00000],  sp=0x0000008de89ff268,  free space=1020k
Native frames: (J=compiled Java code, j=interpreted, Vv=VM code, C=native code)


siginfo: EXCEPTION_ACCESS_VIOLATION (0xc0000005), data execution prevention violation at address 0x0000000000000000


Register to memory mapping:

RIP=0x0 is NULL
RAX=0x0 is NULL
RBX=0x0 is NULL
RCX=0x0000008de7ef4000 points into unknown readable memory: 0x0000000000000000 | 00 00 00 00 00 00 00 00
RDX=0x0 is NULL
RSP=0x0000008de89ff268 points into unknown readable memory: 0x00007ff895032f97 | 97 2f 03 95 f8 7f 00 00
RBP=0x0000008de89ff6e0 points into unknown readable memory: 0x000000000000001f | 1f 00 00 00 00 00 00 00
RSI=0x0000000000010000 is an unknown value
RDI=0x0 is NULL
R8 =0x0000000000000054 is an unknown value
R9 =0x0000000000000054 is an unknown value
R10=0x0000000000000007 is an unknown value
R11=0x0000000000000246 is an unknown value
R12=0x00007ff89546dbf0 opengl32.dll
R13=0x0000008deb5ff160 is pointing into the stack for thread: 0x000002477150b800
R14=0x00007ff895390000 opengl32.dll
R15=0x0000000000000001 is an unknown value


Registers:
RAX=0x0000000000000000, RBX=0x0000000000000000, RCX=0x0000008de7ef4000, RDX=0x0000000000000000
RSP=0x0000008de89ff268, RBP=0x0000008de89ff6e0, RSI=0x0000000000010000, RDI=0x0000000000000000
R8 =0x0000000000000054, R9 =0x0000000000000054, R10=0x0000000000000007, R11=0x0000000000000246
R12=0x00007ff89546dbf0, R13=0x0000008deb5ff160, R14=0x00007ff895390000, R15=0x0000000000000001
RIP=0x0000000000000000, EFLAGS=0x0000000000010202

Top of Stack: (sp=0x0000008de89ff268)
0x0000008de89ff268:   00007ff895032f97 0000000000000000
0x0000008de89ff278:   0000000000000000 0000008deb5ff160
0x0000008de89ff288:   0000000000000000 0000000000000000
0x0000008de89ff298:   00007ff895033fbe 0000000000000000
0x0000008de89ff2a8:   0000008de89ff6e0 0000000000010000
0x0000008de89ff2b8:   000002475e6c7738 0000000000000001
0x0000008de89ff2c8:   00007ff895396e2e 0000000000000000
0x0000008de89ff2d8:   0000000000000001 00007ff8bb6f5e60
0x0000008de89ff2e8:   000002476e3b4e50 0000000000000001
0x0000008de89ff2f8:   00007ff895397276 0000000000000000
0x0000008de89ff308:   0000008de89ff6e0 0000000000000001
0x0000008de89ff318:   0000000000000001 0000000000000000
0x0000008de89ff328:   00007ff89546dd2f 0000000000000001
0x0000008de89ff338:   00007ff8bb756898 0000000000000001
0x0000008de89ff348:   00007ff8bb6c0000 0000008d00000001
0x0000008de89ff358:   00007ff8bb6f2c30 0000000000000001 

Instructions: (pc=0x0000000000000000)
0xffffffffffffff00:   


Stack slot to memory mapping:
stack at sp + 0 slots: 0x00007ff895032f97 points into unknown readable memory: 85
stack at sp + 1 slots: 0x0 is NULL
stack at sp + 2 slots: 0x0 is NULL
stack at sp + 3 slots: 0x0000008deb5ff160 is pointing into the stack for thread: 0x000002477150b800
stack at sp + 4 slots: 0x0 is NULL
stack at sp + 5 slots: 0x0 is NULL
stack at sp + 6 slots: 0x00007ff895033fbe points into unknown readable memory: 48 8b
stack at sp + 7 slots: 0x0 is NULL

VM_Operation (0x0000008deb5ff160): Exit, mode: safepoint, requested by thread 0x000002477150b800


---------------  P R O C E S S  ---------------

Threads class SMR info:
_java_thread_list=0x0000024775936790, length=38, elements={
0x000002475d186000, 0x000002475d150000, 0x000002475d1d5800, 0x000002475d1d7800,
0x000002475d1da000, 0x000002475d1de000, 0x000002475d1ef000, 0x000002475d202000,
0x000002475d38b800, 0x000002475e44a000, 0x000002475e44b000, 0x000002475e5b4800,
0x0000024763f79800, 0x00000247645a5800, 0x000002476c939000, 0x000002476c937800,
0x000002476c93d000, 0x000002476bc1a800, 0x000002476bc1c000, 0x000002476bc1d800,
0x000002476bc1e800, 0x000002476bc1f800, 0x000002476bc20000, 0x000002476bc1b000,
0x000002476bc26000, 0x000002476bc21800, 0x000002476bc25000, 0x0000024771504800,
0x0000024771506000, 0x0000024771507000, 0x0000024771502800, 0x0000024771500800,
0x0000024771501000, 0x0000024771507800, 0x0000024771503800, 0x000002477150c800,
0x0000024771508800, 0x000002477150b800
}

Java Threads: ( => current thread )
  0x000002475d186000 JavaThread "Reference Handler" daemon [_thread_blocked, id=1804, stack(0x0000008de8a00000,0x0000008de8b00000)]
  0x000002475d150000 JavaThread "Finalizer" daemon [_thread_blocked, id=3996, stack(0x0000008de8b00000,0x0000008de8c00000)]
  0x000002475d1d5800 JavaThread "Signal Dispatcher" daemon [_thread_blocked, id=7308, stack(0x0000008de8c00000,0x0000008de8d00000)]
  0x000002475d1d7800 JavaThread "Attach Listener" daemon [_thread_blocked, id=5156, stack(0x0000008de8d00000,0x0000008de8e00000)]
  0x000002475d1da000 JavaThread "Service Thread" daemon [_thread_blocked, id=9172, stack(0x0000008de8e00000,0x0000008de8f00000)]
  0x000002475d1de000 JavaThread "C2 CompilerThread0" daemon [_thread_blocked, id=2036, stack(0x0000008de8f00000,0x0000008de9000000)]
  0x000002475d1ef000 JavaThread "C1 CompilerThread0" daemon [_thread_blocked, id=5184, stack(0x0000008de9000000,0x0000008de9100000)]
  0x000002475d202000 JavaThread "Sweeper thread" daemon [_thread_blocked, id=992, stack(0x0000008de9100000,0x0000008de9200000)]
  0x000002475d38b800 JavaThread "Common-Cleaner" daemon [_thread_blocked, id=6860, stack(0x0000008de9300000,0x0000008de9400000)]
  0x000002475e44a000 JavaThread "Java2D Disposer" daemon [_thread_blocked, id=5064, stack(0x0000008de9500000,0x0000008de9600000)]
  0x000002475e44b000 JavaThread "AWT-Shutdown" [_thread_blocked, id=836, stack(0x0000008de9e00000,0x0000008de9f00000)]
  0x000002475e5b4800 JavaThread "AWT-EventQueue-0" [_thread_in_native, id=7416, stack(0x0000008dea000000,0x0000008dea100000)]
  0x0000024763f79800 JavaThread "TimerQueue" daemon [_thread_blocked, id=8368, stack(0x0000008dea400000,0x0000008dea500000)]
  0x00000247645a5800 JavaThread "OkHttp ConnectionPool" daemon [_thread_blocked, id=5432, stack(0x0000008de9400000,0x0000008de9500000)]
  0x000002476c939000 JavaThread "pool-2-thread-1" [_thread_blocked, id=9384, stack(0x0000008deab00000,0x0000008deac00000)]
  0x000002476c937800 JavaThread "OkHttp api.runelite.net Writer" [_thread_blocked, id=10964, stack(0x0000008deb200000,0x0000008deb300000)]
  0x000002476c93d000 JavaThread "OkHttp api.runelite.net" [_thread_in_native, id=7404, stack(0x0000008deb300000,0x0000008deb400000)]
  0x000002476bc1a800 JavaThread "Java Sound Event Dispatcher" daemon [_thread_blocked, id=6844, stack(0x0000008deb800000,0x0000008deb900000)]
  0x000002476bc1c000 JavaThread "Substance heap status" daemon [_thread_blocked, id=3920, stack(0x0000008dec400000,0x0000008dec500000)]
  0x000002476bc1d800 JavaThread "pool-5-thread-1" [_thread_blocked, id=3232, stack(0x0000008dec600000,0x0000008dec700000)]
  0x000002476bc1e800 JavaThread "Trident callback thread" daemon [_thread_blocked, id=12340, stack(0x0000008dec700000,0x0000008dec800000)]
  0x000002476bc1f800 JavaThread "Trident pulse source thread" daemon [_thread_blocked, id=13188, stack(0x0000008dec800000,0x0000008dec900000)]
  0x000002476bc20000 JavaThread "Direct Clip" daemon [_thread_blocked, id=3096, stack(0x0000008decc00000,0x0000008decd00000)]
  0x000002476bc1b000 JavaThread "Direct Clip" daemon [_thread_blocked, id=10948, stack(0x0000008decd00000,0x0000008dece00000)]
  0x000002476bc26000 JavaThread "Direct Clip" daemon [_thread_blocked, id=7628, stack(0x0000008dece00000,0x0000008decf00000)]
  0x000002476bc21800 JavaThread "Direct Clip" daemon [_thread_blocked, id=872, stack(0x0000008decf00000,0x0000008ded000000)]
  0x000002476bc25000 JavaThread "DestroyJavaVM" [_thread_blocked, id=6052, stack(0x0000008de8300000,0x0000008de8400000)]
  0x0000024771504800 JavaThread "pool-6-thread-1" [_thread_blocked, id=1496, stack(0x0000008ded700000,0x0000008ded800000)]
  0x0000024771506000 JavaThread "Direct Clip" daemon [_thread_blocked, id=2992, stack(0x0000008de8100000,0x0000008de8200000)]
  0x0000024771507000 JavaThread "Okio Watchdog" daemon [_thread_blocked, id=8284, stack(0x0000008dead00000,0x0000008deae00000)]
  0x0000024771502800 JavaThread "OkHttp https://www.osrsbotdetector.com/..." [_thread_blocked, id=4328, stack(0x0000008dea630000,0x0000008dea730000)]
  0x0000024771500800 JavaThread "OkHttp raw.githubusercontent.com Writer" [_thread_blocked, id=10424, stack(0x0000008deb400000,0x0000008deb500000)]
  0x0000024771501000 JavaThread "OkHttp raw.githubusercontent.com" [_thread_in_native, id=10856, stack(0x0000008deba00000,0x0000008debb00000)]
  0x0000024771507800 JavaThread "OkHttp Http2Connection" daemon [_thread_blocked, id=13236, stack(0x0000008debd00000,0x0000008debe00000)]
  0x0000024771503800 JavaThread "OkHttp www.osrsbotdetector.com" [_thread_in_native, id=5096, stack(0x0000008dec900000,0x0000008deca00000)]
  0x000002477150c800 JavaThread "OkHttp www.osrsbotdetector.com Writer" [_thread_blocked, id=8136, stack(0x0000008ded000000,0x0000008ded100000)]
  0x0000024771508800 JavaThread "OkHttp Dispatcher" [_thread_blocked, id=12188, stack(0x0000008deaa00000,0x0000008deab00000)]
  0x000002477150b800 JavaThread "RuneLite Shutdown" [_thread_blocked, id=7356, stack(0x0000008deb500000,0x0000008deb600000)]

Other Threads:
=>0x000002475d14f000 VMThread "VM Thread" [stack: 0x0000008de8900000,0x0000008de8a00000] [id=3568]
  0x000002472f283800 GCTaskThread "GC Thread#0" [stack: 0x0000008de8400000,0x0000008de8500000] [id=3148]
  0x000002475defb000 GCTaskThread "GC Thread#1" [stack: 0x0000008de9600000,0x0000008de9700000] [id=10504]
  0x000002475e14a800 GCTaskThread "GC Thread#2" [stack: 0x0000008de9700000,0x0000008de9800000] [id=8400]
  0x000002475e14b000 GCTaskThread "GC Thread#3" [stack: 0x0000008de9800000,0x0000008de9900000] [id=6400]
  0x000002475da58000 GCTaskThread "GC Thread#4" [stack: 0x0000008de9900000,0x0000008de9a00000] [id=3536]
  0x000002475da58800 GCTaskThread "GC Thread#5" [stack: 0x0000008de9a00000,0x0000008de9b00000] [id=12756]
  0x000002475db43800 GCTaskThread "GC Thread#6" [stack: 0x0000008de9b00000,0x0000008de9c00000] [id=2680]
  0x000002475db44000 GCTaskThread "GC Thread#7" [stack: 0x0000008de9c00000,0x0000008de9d00000] [id=1164]
  0x000002472f305800 ConcurrentGCThread "G1 Main Marker" [stack: 0x0000008de8500000,0x0000008de8600000] [id=7940]
  0x000002472f308800 ConcurrentGCThread "G1 Conc#0" [stack: 0x0000008de8600000,0x0000008de8700000] [id=6760]
  0x000002475e599800 ConcurrentGCThread "G1 Conc#1" [stack: 0x0000008dea100000,0x0000008dea200000] [id=9912]
  0x000002475c7a9000 ConcurrentGCThread "G1 Refine#0" [stack: 0x0000008de8700000,0x0000008de8800000] [id=2148]
  0x000002475da4a800 ConcurrentGCThread "G1 Refine#1" [stack: 0x0000008de9d00000,0x0000008de9e00000] [id=9048]
  0x000002476c41e800 ConcurrentGCThread "G1 Refine#2" [stack: 0x0000008dec000000,0x0000008dec100000] [id=2840]
  0x000002476d12e800 ConcurrentGCThread "G1 Refine#3" [stack: 0x0000008dec100000,0x0000008dec200000] [id=4228]
  0x000002476d12f000 ConcurrentGCThread "G1 Refine#4" [stack: 0x0000008dec200000,0x0000008dec300000] [id=5440]
  0x0000024772c16000 ConcurrentGCThread "G1 Refine#5" [stack: 0x0000008deca00000,0x0000008decb00000] [id=2716]
  0x00000247718c0000 ConcurrentGCThread "G1 Refine#6" [stack: 0x0000008decb00000,0x0000008decc00000] [id=7912]
  0x000002475c7ae000 ConcurrentGCThread "G1 Young RemSet Sampling" [stack: 0x0000008de8800000,0x0000008de8900000] [id=6156]

Threads with active compile tasks:

VM state:at safepoint (shutting down)

VM Mutex/Monitor currently owned by a thread:  ([mutex/lock_event])
[0x000002472f269560] Threads_lock - owner thread: 0x000002475d14f000

Heap address: 0x0000000601000000, size: 8176 MB, Compressed Oops mode: Zero based, Oop shift amount: 3
Narrow klass base: 0x0000000800000000, Narrow klass shift: 0
Compressed class space size: 1073741824 Address: 0x0000000800000000

Heap:
 garbage-first heap   total 757760K, used 244589K [0x0000000601000000, 0x0000000800000000)
  region size 2048K, 15 young (30720K), 0 survivors (0K)
 Metaspace       used 103566K, capacity 111052K, committed 111356K, reserved 1146880K
  class space    used 11469K, capacity 14015K, committed 14076K, reserved 1048576K
Heap Regions: E=young(eden), S=young(survivor), O=old, HS=humongous(starts), HC=humongous(continues), CS=collection set, F=free, A=archive, TAMS=top-at-mark-start (previous, next)
|   0|0x0000000601000000, 0x00000006011ffff8, 0x0000000601200000| 99%| O|  |TAMS 0x0000000601000000, 0x0000000601000000| Untracked 
|   1|0x0000000601200000, 0x00000006013fffc8, 0x0000000601400000| 99%| O|  |TAMS 0x0000000601200000, 0x0000000601200000| Untracked 
|   2|0x0000000601400000, 0x00000006015fffd8, 0x0000000601600000| 99%| O|  |TAMS 0x0000000601400000, 0x0000000601400000| Untracked 
|   3|0x0000000601600000, 0x00000006017ea608, 0x0000000601800000| 95%| O|  |TAMS 0x0000000601600000, 0x0000000601600000| Untracked 
|   4|0x0000000601800000, 0x00000006019fffa0, 0x0000000601a00000| 99%| O|  |TAMS 0x0000000601800000, 0x0000000601800000| Untracked 
|   5|0x0000000601a00000, 0x0000000601bf3098, 0x0000000601c00000| 97%| O|  |TAMS 0x0000000601a00000, 0x0000000601a00000| Untracked 
|   6|0x0000000601c00000, 0x0000000601e00000, 0x0000000601e00000|100%|HS|  |TAMS 0x0000000601c00000, 0x0000000601c00000| Untracked 
|   7|0x0000000601e00000, 0x0000000601ffffb8, 0x0000000602000000| 99%| O|  |TAMS 0x0000000601e00000, 0x0000000601e00000| Untracked 
|   8|0x0000000602000000, 0x0000000602200000, 0x0000000602200000|100%| O|  |TAMS 0x0000000602000000, 0x0000000602000000| Untracked 
|   9|0x0000000602200000, 0x0000000602400000, 0x0000000602400000|100%| O|  |TAMS 0x0000000602200000, 0x0000000602200000| Untracked 
|  10|0x0000000602400000, 0x00000006025ffc10, 0x0000000602600000| 99%| O|  |TAMS 0x0000000602400000, 0x0000000602400000| Untracked 
|  11|0x0000000602600000, 0x0000000602800000, 0x0000000602800000|100%| O|  |TAMS 0x0000000602600000, 0x0000000602600000| Untracked 
|  12|0x0000000602800000, 0x00000006029ffe88, 0x0000000602a00000| 99%| O|  |TAMS 0x0000000602800000, 0x0000000602800000| Untracked 
|  13|0x0000000602a00000, 0x0000000602c00000, 0x0000000602c00000|100%| O|  |TAMS 0x0000000602a00000, 0x0000000602a00000| Untracked 
|  14|0x0000000602c00000, 0x0000000602e00000, 0x0000000602e00000|100%| O|  |TAMS 0x0000000602c00000, 0x0000000602c00000| Untracked 
|  15|0x0000000602e00000, 0x0000000602ffc010, 0x0000000603000000| 99%| O|  |TAMS 0x0000000602e00000, 0x0000000602e00000| Untracked 
|  16|0x0000000603000000, 0x0000000603200000, 0x0000000603200000|100%|HS|  |TAMS 0x0000000603000000, 0x0000000603000000| Untracked 
|  17|0x0000000603200000, 0x0000000603400000, 0x0000000603400000|100%|HC|  |TAMS 0x0000000603200000, 0x0000000603200000| Untracked 
|  18|0x0000000603400000, 0x00000006035fffb8, 0x0000000603600000| 99%| O|  |TAMS 0x0000000603400000, 0x0000000603400000| Untracked 
|  19|0x0000000603600000, 0x00000006037fff68, 0x0000000603800000| 99%| O|  |TAMS 0x0000000603600000, 0x0000000603600000| Untracked 
|  20|0x0000000603800000, 0x00000006039fffd0, 0x0000000603a00000| 99%| O|  |TAMS 0x0000000603800000, 0x0000000603800000| Untracked 
|  21|0x0000000603a00000, 0x0000000603bffff8, 0x0000000603c00000| 99%| O|  |TAMS 0x0000000603a00000, 0x0000000603a00000| Untracked 
|  22|0x0000000603c00000, 0x0000000603dffff8, 0x0000000603e00000| 99%| O|  |TAMS 0x0000000603c00000, 0x0000000603c00000| Untracked 
|  23|0x0000000603e00000, 0x0000000603ffffe0, 0x0000000604000000| 99%| O|  |TAMS 0x0000000603e00000, 0x0000000603e00000| Untracked 
|  24|0x0000000604000000, 0x0000000604200000, 0x0000000604200000|100%| O|  |TAMS 0x0000000604000000, 0x0000000604000000| Untracked 
|  25|0x0000000604200000, 0x00000006043ffff0, 0x0000000604400000| 99%| O|  |TAMS 0x0000000604200000, 0x0000000604200000| Untracked 
|  26|0x0000000604400000, 0x00000006045ffff8, 0x0000000604600000| 99%| O|  |TAMS 0x0000000604400000, 0x0000000604400000| Untracked 
|  27|0x0000000604600000, 0x00000006047ff890, 0x0000000604800000| 99%| O|  |TAMS 0x0000000604600000, 0x0000000604600000| Untracked 
|  28|0x0000000604800000, 0x00000006049ffda0, 0x0000000604a00000| 99%| O|  |TAMS 0x0000000604800000, 0x0000000604800000| Untracked 
|  29|0x0000000604a00000, 0x0000000604bfffe0, 0x0000000604c00000| 99%| O|  |TAMS 0x0000000604a00000, 0x0000000604a00000| Untracked 
|  30|0x0000000604c00000, 0x0000000604dffff0, 0x0000000604e00000| 99%| O|  |TAMS 0x0000000604c00000, 0x0000000604c00000| Untracked 
|  31|0x0000000604e00000, 0x0000000604ffffe8, 0x0000000605000000| 99%| O|  |TAMS 0x0000000604e00000, 0x0000000604e00000| Untracked 
|  32|0x0000000605000000, 0x0000000605200000, 0x0000000605200000|100%|HS|  |TAMS 0x0000000605000000, 0x0000000605000000| Untracked 
|  33|0x0000000605200000, 0x00000006053ffff0, 0x0000000605400000| 99%| O|  |TAMS 0x0000000605200000, 0x0000000605200000| Untracked 
|  34|0x0000000605400000, 0x00000006055ef038, 0x0000000605600000| 96%| O|  |TAMS 0x0000000605400000, 0x0000000605400000| Untracked 
|  35|0x0000000605600000, 0x00000006057ffe50, 0x0000000605800000| 99%| O|  |TAMS 0x0000000605600000, 0x0000000605600000| Untracked 
|  36|0x0000000605800000, 0x00000006059ffff0, 0x0000000605a00000| 99%| O|  |TAMS 0x0000000605800000, 0x0000000605800000| Untracked 
|  37|0x0000000605a00000, 0x0000000605bffff0, 0x0000000605c00000| 99%| O|  |TAMS 0x0000000605a00000, 0x0000000605a00000| Untracked 
|  38|0x0000000605c00000, 0x0000000605dffff8, 0x0000000605e00000| 99%| O|  |TAMS 0x0000000605c00000, 0x0000000605c00000| Untracked 
|  39|0x0000000605e00000, 0x0000000606000000, 0x0000000606000000|100%|HS|  |TAMS 0x0000000605e00000, 0x0000000605e00000| Untracked 
|  40|0x0000000606000000, 0x0000000606200000, 0x0000000606200000|100%|HC|  |TAMS 0x0000000606000000, 0x0000000606000000| Untracked 
|  41|0x0000000606200000, 0x00000006063e0ae8, 0x0000000606400000| 93%| O|  |TAMS 0x0000000606200000, 0x0000000606200000| Untracked 
|  42|0x0000000606400000, 0x0000000606600000, 0x0000000606600000|100%|HS|  |TAMS 0x0000000606400000, 0x0000000606400000| Untracked 
|  43|0x0000000606600000, 0x00000006067d9e20, 0x0000000606800000| 92%| O|  |TAMS 0x0000000606600000, 0x0000000606600000| Untracked 
|  44|0x0000000606800000, 0x00000006069feee8, 0x0000000606a00000| 99%| O|  |TAMS 0x0000000606800000, 0x0000000606800000| Untracked 
|  45|0x0000000606a00000, 0x0000000606bffff8, 0x0000000606c00000| 99%| O|  |TAMS 0x0000000606a00000, 0x0000000606a00000| Untracked 
|  46|0x0000000606c00000, 0x0000000606dffff8, 0x0000000606e00000| 99%| O|  |TAMS 0x0000000606c00000, 0x0000000606c00000| Untracked 
|  47|0x0000000606e00000, 0x0000000606fff9d0, 0x0000000607000000| 99%| O|  |TAMS 0x0000000606e00000, 0x0000000606e00000| Untracked 
|  48|0x0000000607000000, 0x00000006071fff68, 0x0000000607200000| 99%| O|  |TAMS 0x0000000607000000, 0x0000000607000000| Untracked 
|  49|0x0000000607200000, 0x00000006073fffa8, 0x0000000607400000| 99%| O|  |TAMS 0x0000000607200000, 0x0000000607200000| Untracked 
|  50|0x0000000607400000, 0x0000000607600000, 0x0000000607600000|100%| O|  |TAMS 0x0000000607400000, 0x0000000607400000| Untracked 
|  51|0x0000000607600000, 0x00000006077ffc80, 0x0000000607800000| 99%| O|  |TAMS 0x0000000607600000, 0x0000000607600000| Untracked 
|  52|0x0000000607800000, 0x00000006079f6c60, 0x0000000607a00000| 98%| O|  |TAMS 0x0000000607800000, 0x0000000607800000| Untracked 
|  53|0x0000000607a00000, 0x0000000607bbdf00, 0x0000000607c00000| 87%| O|  |TAMS 0x0000000607a00000, 0x0000000607a00000| Untracked 
|  54|0x0000000607c00000, 0x0000000607dffdd8, 0x0000000607e00000| 99%| O|  |TAMS 0x0000000607c00000, 0x0000000607c00000| Untracked 
|  55|0x0000000607e00000, 0x0000000607fea228, 0x0000000608000000| 95%| O|  |TAMS 0x0000000607e00000, 0x0000000607e00000| Untracked 
|  56|0x0000000608000000, 0x00000006081bd720, 0x0000000608200000| 87%| O|  |TAMS 0x0000000608000000, 0x0000000608000000| Untracked 
|  57|0x0000000608200000, 0x0000000608400000, 0x0000000608400000|100%| O|  |TAMS 0x0000000608200000, 0x0000000608200000| Untracked 
|  58|0x0000000608400000, 0x0000000608600000, 0x0000000608600000|100%| O|  |TAMS 0x0000000608400000, 0x0000000608400000| Untracked 
|  59|0x0000000608600000, 0x00000006087cf980, 0x0000000608800000| 90%| O|  |TAMS 0x0000000608600000, 0x0000000608600000| Untracked 
|  60|0x0000000608800000, 0x00000006089ffff0, 0x0000000608a00000| 99%| O|  |TAMS 0x0000000608800000, 0x0000000608800000| Untracked 
|  61|0x0000000608a00000, 0x0000000608bfffc0, 0x0000000608c00000| 99%| O|  |TAMS 0x0000000608a00000, 0x0000000608a00000| Untracked 
|  62|0x0000000608c00000, 0x0000000608dfffc0, 0x0000000608e00000| 99%| O|  |TAMS 0x0000000608c00000, 0x0000000608c00000| Untracked 
|  63|0x0000000608e00000, 0x0000000608ffeef0, 0x0000000609000000| 99%| O|  |TAMS 0x0000000608e00000, 0x0000000608e00000| Untracked 
|  64|0x0000000609000000, 0x00000006091ffff0, 0x0000000609200000| 99%| O|  |TAMS 0x0000000609000000, 0x0000000609000000| Untracked 
|  65|0x0000000609200000, 0x00000006093fff88, 0x0000000609400000| 99%| O|  |TAMS 0x0000000609200000, 0x0000000609200000| Untracked 
|  66|0x0000000609400000, 0x00000006095fff48, 0x0000000609600000| 99%| O|  |TAMS 0x0000000609400000, 0x0000000609400000| Untracked 
|  67|0x0000000609600000, 0x00000006097b7790, 0x0000000609800000| 85%| O|  |TAMS 0x0000000609600000, 0x0000000609600000| Untracked 
|  68|0x0000000609800000, 0x0000000609a00000, 0x0000000609a00000|100%| O|  |TAMS 0x0000000609800000, 0x0000000609800000| Untracked 
|  69|0x0000000609a00000, 0x0000000609bbacc8, 0x0000000609c00000| 86%| O|  |TAMS 0x0000000609a00000, 0x0000000609a00000| Untracked 
|  70|0x0000000609c00000, 0x0000000609dff1b0, 0x0000000609e00000| 99%| O|  |TAMS 0x0000000609c00000, 0x0000000609c00000| Untracked 
|  71|0x0000000609e00000, 0x0000000609fb7790, 0x000000060a000000| 85%| O|  |TAMS 0x0000000609e00000, 0x0000000609e00000| Untracked 
|  72|0x000000060a000000, 0x000000060a1b7790, 0x000000060a200000| 85%| O|  |TAMS 0x000000060a000000, 0x000000060a000000| Untracked 
|  73|0x000000060a200000, 0x000000060a3b7790, 0x000000060a400000| 85%| O|  |TAMS 0x000000060a200000, 0x000000060a200000| Untracked 
|  74|0x000000060a400000, 0x000000060a5ffff8, 0x000000060a600000| 99%| O|  |TAMS 0x000000060a400000, 0x000000060a400000| Untracked 
|  75|0x000000060a600000, 0x000000060a7b7790, 0x000000060a800000| 85%| O|  |TAMS 0x000000060a600000, 0x000000060a600000| Untracked 
|  76|0x000000060a800000, 0x000000060aa00000, 0x000000060aa00000|100%| O|  |TAMS 0x000000060a800000, 0x000000060a800000| Untracked 
|  77|0x000000060aa00000, 0x000000060abfff50, 0x000000060ac00000| 99%| O|  |TAMS 0x000000060aa00000, 0x000000060aa00000| Untracked 
|  78|0x000000060ac00000, 0x000000060ae00000, 0x000000060ae00000|100%| O|  |TAMS 0x000000060ac00000, 0x000000060ac00000| Untracked 
|  79|0x000000060ae00000, 0x000000060affff18, 0x000000060b000000| 99%| O|  |TAMS 0x000000060ae00000, 0x000000060ae00000| Untracked 
|  80|0x000000060b000000, 0x000000060b1ffee8, 0x000000060b200000| 99%| O|  |TAMS 0x000000060b000000, 0x000000060b000000| Untracked 
|  81|0x000000060b200000, 0x000000060b3ffff0, 0x000000060b400000| 99%| O|  |TAMS 0x000000060b200000, 0x000000060b200000| Untracked 
|  82|0x000000060b400000, 0x000000060b5ffff8, 0x000000060b600000| 99%| O|  |TAMS 0x000000060b400000, 0x000000060b400000| Untracked 
|  83|0x000000060b600000, 0x000000060b7ffee0, 0x000000060b800000| 99%| O|  |TAMS 0x000000060b600000, 0x000000060b600000| Untracked 
|  84|0x000000060b800000, 0x000000060b9fffe8, 0x000000060ba00000| 99%| O|  |TAMS 0x000000060b800000, 0x000000060b800000| Untracked 
|  85|0x000000060ba00000, 0x000000060bbfac00, 0x000000060bc00000| 98%| O|  |TAMS 0x000000060ba00000, 0x000000060ba00000| Untracked 
|  86|0x000000060bc00000, 0x000000060bdfff68, 0x000000060be00000| 99%| O|  |TAMS 0x000000060bc00000, 0x000000060bc00000| Untracked 
|  87|0x000000060be00000, 0x000000060bfffee0, 0x000000060c000000| 99%| O|  |TAMS 0x000000060be00000, 0x000000060be00000| Untracked 
|  88|0x000000060c000000, 0x000000060c1f7698, 0x000000060c200000| 98%| O|  |TAMS 0x000000060c000000, 0x000000060c000000| Untracked 
|  89|0x000000060c200000, 0x000000060c3fffe0, 0x000000060c400000| 99%| O|  |TAMS 0x000000060c200000, 0x000000060c200000| Untracked 
|  90|0x000000060c400000, 0x000000060c5fff08, 0x000000060c600000| 99%| O|  |TAMS 0x000000060c400000, 0x000000060c400000| Untracked 
|  91|0x000000060c600000, 0x000000060c7fffe8, 0x000000060c800000| 99%| O|  |TAMS 0x000000060c600000, 0x000000060c600000| Untracked 
|  92|0x000000060c800000, 0x000000060c995b58, 0x000000060ca00000| 79%| O|  |TAMS 0x000000060c800000, 0x000000060c800000| Untracked 
|  93|0x000000060ca00000, 0x000000060cbffff0, 0x000000060cc00000| 99%| O|  |TAMS 0x000000060ca00000, 0x000000060ca00000| Untracked 
|  94|0x000000060cc00000, 0x000000060cdfee18, 0x000000060ce00000| 99%| O|  |TAMS 0x000000060cc00000, 0x000000060cc00000| Untracked 
|  95|0x000000060ce00000, 0x000000060d000000, 0x000000060d000000|100%|HS|  |TAMS 0x000000060ce00000, 0x000000060ce00000| Complete 
|  96|0x000000060d000000, 0x000000060d027708, 0x000000060d200000|  7%| O|  |TAMS 0x000000060d000000, 0x000000060d000000| Untracked 
|  97|0x000000060d200000, 0x000000060d293218, 0x000000060d400000| 28%| O|  |TAMS 0x000000060d200000, 0x000000060d200000| Untracked 
|  98|0x000000060d400000, 0x000000060d56db78, 0x000000060d600000| 71%| O|  |TAMS 0x000000060d400000, 0x000000060d400000| Untracked 
|  99|0x000000060d600000, 0x000000060d63e460, 0x000000060d800000| 12%| O|  |TAMS 0x000000060d600000, 0x000000060d600000| Untracked 
| 100|0x000000060d800000, 0x000000060da00000, 0x000000060da00000|100%| O|  |TAMS 0x000000060d800000, 0x000000060d800000| Untracked 
| 101|0x000000060da00000, 0x000000060db12280, 0x000000060dc00000| 53%| O|  |TAMS 0x000000060da00000, 0x000000060da00000| Untracked 
| 102|0x000000060dc00000, 0x000000060dc00000, 0x000000060de00000|  0%| F|  |TAMS 0x000000060dc00000, 0x000000060dc00000| Untracked 
| 103|0x000000060de00000, 0x000000060de7a0b0, 0x000000060e000000| 23%| O|  |TAMS 0x000000060de00000, 0x000000060de00000| Untracked 
| 104|0x000000060e000000, 0x000000060e000000, 0x000000060e200000|  0%| F|  |TAMS 0x000000060e000000, 0x000000060e000000| Untracked 
| 105|0x000000060e200000, 0x000000060e200000, 0x000000060e400000|  0%| F|  |TAMS 0x000000060e200000, 0x000000060e200000| Untracked 
| 106|0x000000060e400000, 0x000000060e400000, 0x000000060e600000|  0%| F|  |TAMS 0x000000060e400000, 0x000000060e400000| Untracked 
| 107|0x000000060e600000, 0x000000060e6686e8, 0x000000060e800000| 20%| O|  |TAMS 0x000000060e600000, 0x000000060e600000| Untracked 
| 108|0x000000060e800000, 0x000000060e800000, 0x000000060ea00000|  0%| F|  |TAMS 0x000000060e800000, 0x000000060e800000| Untracked 
| 109|0x000000060ea00000, 0x000000060ea00000, 0x000000060ec00000|  0%| F|  |TAMS 0x000000060ea00000, 0x000000060ea00000| Untracked 
| 110|0x000000060ec00000, 0x000000060ec00000, 0x000000060ee00000|  0%| F|  |TAMS 0x000000060ec00000, 0x000000060ec00000| Untracked 
| 111|0x000000060ee00000, 0x000000060ee00000, 0x000000060f000000|  0%| F|  |TAMS 0x000000060ee00000, 0x000000060ee00000| Untracked 
| 112|0x000000060f000000, 0x000000060f000000, 0x000000060f200000|  0%| F|  |TAMS 0x000000060f000000, 0x000000060f000000| Untracked 
| 113|0x000000060f200000, 0x000000060f200000, 0x000000060f400000|  0%| F|  |TAMS 0x000000060f200000, 0x000000060f200000| Untracked 
| 114|0x000000060f400000, 0x000000060f600000, 0x000000060f600000|100%|HS|  |TAMS 0x000000060f400000, 0x000000060f400000| Untracked 
| 115|0x000000060f600000, 0x000000060f800000, 0x000000060f800000|100%|HC|  |TAMS 0x000000060f600000, 0x000000060f600000| Untracked 
| 116|0x000000060f800000, 0x000000060fa00000, 0x000000060fa00000|100%|HC|  |TAMS 0x000000060f800000, 0x000000060f800000| Untracked 
| 117|0x000000060fa00000, 0x000000060fc00000, 0x000000060fc00000|100%|HC|  |TAMS 0x000000060fa00000, 0x000000060fa00000| Untracked 
| 118|0x000000060fc00000, 0x000000060fe00000, 0x000000060fe00000|100%|HC|  |TAMS 0x000000060fc00000, 0x000000060fc00000| Untracked 
| 119|0x000000060fe00000, 0x0000000610000000, 0x0000000610000000|100%|HC|  |TAMS 0x000000060fe00000, 0x000000060fe00000| Untracked 
| 120|0x0000000610000000, 0x0000000610200000, 0x0000000610200000|100%|HC|  |TAMS 0x0000000610000000, 0x0000000610000000| Untracked 
| 121|0x0000000610200000, 0x0000000610400000, 0x0000000610400000|100%|HC|  |TAMS 0x0000000610200000, 0x0000000610200000| Untracked 
| 122|0x0000000610400000, 0x0000000610400000, 0x0000000610600000|  0%| F|  |TAMS 0x0000000610400000, 0x0000000610400000| Untracked 
| 123|0x0000000610600000, 0x0000000610600000, 0x0000000610800000|  0%| F|  |TAMS 0x0000000610600000, 0x0000000610600000| Untracked 
| 124|0x0000000610800000, 0x0000000610800000, 0x0000000610a00000|  0%| F|  |TAMS 0x0000000610800000, 0x0000000610800000| Untracked 
| 125|0x0000000610a00000, 0x0000000610a00000, 0x0000000610c00000|  0%| F|  |TAMS 0x0000000610a00000, 0x0000000610a00000| Untracked 
| 126|0x0000000610c00000, 0x0000000610c00000, 0x0000000610e00000|  0%| F|  |TAMS 0x0000000610c00000, 0x0000000610c00000| Untracked 
| 127|0x0000000610e00000, 0x0000000610e00000, 0x0000000611000000|  0%| F|  |TAMS 0x0000000610e00000, 0x0000000610e00000| Untracked 
| 128|0x0000000611000000, 0x0000000611000000, 0x0000000611200000|  0%| F|  |TAMS 0x0000000611000000, 0x0000000611000000| Untracked 
| 129|0x0000000611200000, 0x0000000611200000, 0x0000000611400000|  0%| F|  |TAMS 0x0000000611200000, 0x0000000611200000| Untracked 
| 130|0x0000000611400000, 0x0000000611400000, 0x0000000611600000|  0%| F|  |TAMS 0x0000000611400000, 0x0000000611400000| Untracked 
| 131|0x0000000611600000, 0x0000000611600000, 0x0000000611800000|  0%| F|  |TAMS 0x0000000611600000, 0x0000000611600000| Untracked 
| 132|0x0000000611800000, 0x0000000611800000, 0x0000000611a00000|  0%| F|  |TAMS 0x0000000611800000, 0x0000000611800000| Untracked 
| 133|0x0000000611a00000, 0x0000000611a00000, 0x0000000611c00000|  0%| F|  |TAMS 0x0000000611a00000, 0x0000000611a00000| Untracked 
| 134|0x0000000611c00000, 0x0000000611c00000, 0x0000000611e00000|  0%| F|  |TAMS 0x0000000611c00000, 0x0000000611c00000| Untracked 
| 135|0x0000000611e00000, 0x0000000612000000, 0x0000000612000000|100%|HS|  |TAMS 0x0000000611e00000, 0x0000000611e00000| Untracked 
| 136|0x0000000612000000, 0x0000000612000000, 0x0000000612200000|  0%| F|  |TAMS 0x0000000612000000, 0x0000000612000000| Untracked 
| 137|0x0000000612200000, 0x0000000612200000, 0x0000000612400000|  0%| F|  |TAMS 0x0000000612200000, 0x0000000612200000| Untracked 
| 138|0x0000000612400000, 0x0000000612400000, 0x0000000612600000|  0%| F|  |TAMS 0x0000000612400000, 0x0000000612400000| Untracked 
| 139|0x0000000612600000, 0x0000000612600000, 0x0000000612800000|  0%| F|  |TAMS 0x0000000612600000, 0x0000000612600000| Untracked 
| 140|0x0000000612800000, 0x0000000612800000, 0x0000000612a00000|  0%| F|  |TAMS 0x0000000612800000, 0x0000000612800000| Untracked 
| 141|0x0000000612a00000, 0x0000000612a00000, 0x0000000612c00000|  0%| F|  |TAMS 0x0000000612a00000, 0x0000000612a00000| Untracked 
| 142|0x0000000612c00000, 0x0000000612c00000, 0x0000000612e00000|  0%| F|  |TAMS 0x0000000612c00000, 0x0000000612c00000| Untracked 
| 143|0x0000000612e00000, 0x0000000612e00000, 0x0000000613000000|  0%| F|  |TAMS 0x0000000612e00000, 0x0000000612e00000| Untracked 
| 144|0x0000000613000000, 0x0000000613000000, 0x0000000613200000|  0%| F|  |TAMS 0x0000000613000000, 0x0000000613000000| Untracked 
| 145|0x0000000613200000, 0x0000000613200000, 0x0000000613400000|  0%| F|  |TAMS 0x0000000613200000, 0x0000000613200000| Untracked 
| 146|0x0000000613400000, 0x0000000613400000, 0x0000000613600000|  0%| F|  |TAMS 0x0000000613400000, 0x0000000613400000| Untracked 
| 147|0x0000000613600000, 0x0000000613600000, 0x0000000613800000|  0%| F|  |TAMS 0x0000000613600000, 0x0000000613600000| Untracked 
| 148|0x0000000613800000, 0x0000000613800000, 0x0000000613a00000|  0%| F|  |TAMS 0x0000000613800000, 0x0000000613800000| Untracked 
| 149|0x0000000613a00000, 0x0000000613a00000, 0x0000000613c00000|  0%| F|  |TAMS 0x0000000613a00000, 0x0000000613a00000| Untracked 
| 150|0x0000000613c00000, 0x0000000613c00000, 0x0000000613e00000|  0%| F|  |TAMS 0x0000000613c00000, 0x0000000613c00000| Untracked 
| 151|0x0000000613e00000, 0x0000000613e00000, 0x0000000614000000|  0%| F|  |TAMS 0x0000000613e00000, 0x0000000613e00000| Untracked 
| 152|0x0000000614000000, 0x0000000614000000, 0x0000000614200000|  0%| F|  |TAMS 0x0000000614000000, 0x0000000614000000| Untracked 
| 153|0x0000000614200000, 0x0000000614200000, 0x0000000614400000|  0%| F|  |TAMS 0x0000000614200000, 0x0000000614200000| Untracked 
| 154|0x0000000614400000, 0x0000000614400000, 0x0000000614600000|  0%| F|  |TAMS 0x0000000614400000, 0x0000000614400000| Untracked 
| 155|0x0000000614600000, 0x0000000614600000, 0x0000000614800000|  0%| F|  |TAMS 0x0000000614600000, 0x0000000614600000| Untracked 
| 156|0x0000000614800000, 0x0000000614800000, 0x0000000614a00000|  0%| F|  |TAMS 0x0000000614800000, 0x0000000614800000| Untracked 
| 157|0x0000000614a00000, 0x0000000614a00000, 0x0000000614c00000|  0%| F|  |TAMS 0x0000000614a00000, 0x0000000614a00000| Untracked 
| 158|0x0000000614c00000, 0x0000000614c00000, 0x0000000614e00000|  0%| F|  |TAMS 0x0000000614c00000, 0x0000000614c00000| Untracked 
| 159|0x0000000614e00000, 0x0000000614e00000, 0x0000000615000000|  0%| F|  |TAMS 0x0000000614e00000, 0x0000000614e00000| Untracked 
| 160|0x0000000615000000, 0x0000000615000000, 0x0000000615200000|  0%| F|  |TAMS 0x0000000615000000, 0x0000000615000000| Untracked 
| 161|0x0000000615200000, 0x0000000615200000, 0x0000000615400000|  0%| F|  |TAMS 0x0000000615200000, 0x0000000615200000| Untracked 
| 162|0x0000000615400000, 0x0000000615400000, 0x0000000615600000|  0%| F|  |TAMS 0x0000000615400000, 0x0000000615400000| Untracked 
| 163|0x0000000615600000, 0x0000000615600000, 0x0000000615800000|  0%| F|  |TAMS 0x0000000615600000, 0x0000000615600000| Untracked 
| 164|0x0000000615800000, 0x0000000615800000, 0x0000000615a00000|  0%| F|  |TAMS 0x0000000615800000, 0x0000000615800000| Untracked 
| 165|0x0000000615a00000, 0x0000000615a00000, 0x0000000615c00000|  0%| F|  |TAMS 0x0000000615a00000, 0x0000000615a00000| Untracked 
| 166|0x0000000615c00000, 0x0000000615c00000, 0x0000000615e00000|  0%| F|  |TAMS 0x0000000615c00000, 0x0000000615c00000| Untracked 
| 167|0x0000000615e00000, 0x0000000615e00000, 0x0000000616000000|  0%| F|  |TAMS 0x0000000615e00000, 0x0000000615e00000| Untracked 
| 168|0x0000000616000000, 0x0000000616000000, 0x0000000616200000|  0%| F|  |TAMS 0x0000000616000000, 0x0000000616000000| Untracked 
| 169|0x0000000616200000, 0x0000000616200000, 0x0000000616400000|  0%| F|  |TAMS 0x0000000616200000, 0x0000000616200000| Untracked 
| 170|0x0000000616400000, 0x0000000616400000, 0x0000000616600000|  0%| F|  |TAMS 0x0000000616400000, 0x0000000616400000| Untracked 
| 171|0x0000000616600000, 0x0000000616600000, 0x0000000616800000|  0%| F|  |TAMS 0x0000000616600000, 0x0000000616600000| Untracked 
| 172|0x0000000616800000, 0x0000000616800000, 0x0000000616a00000|  0%| F|  |TAMS 0x0000000616800000, 0x0000000616800000| Untracked 
| 173|0x0000000616a00000, 0x0000000616a00000, 0x0000000616c00000|  0%| F|  |TAMS 0x0000000616a00000, 0x0000000616a00000| Untracked 
| 174|0x0000000616c00000, 0x0000000616c00000, 0x0000000616e00000|  0%| F|  |TAMS 0x0000000616c00000, 0x0000000616c00000| Untracked 
| 175|0x0000000616e00000, 0x0000000616e00000, 0x0000000617000000|  0%| F|  |TAMS 0x0000000616e00000, 0x0000000616e00000| Untracked 
| 176|0x0000000617000000, 0x0000000617000000, 0x0000000617200000|  0%| F|  |TAMS 0x0000000617000000, 0x0000000617000000| Untracked 
| 177|0x0000000617200000, 0x0000000617200000, 0x0000000617400000|  0%| F|  |TAMS 0x0000000617200000, 0x0000000617200000| Untracked 
| 178|0x0000000617400000, 0x0000000617400000, 0x0000000617600000|  0%| F|  |TAMS 0x0000000617400000, 0x0000000617400000| Untracked 
| 179|0x0000000617600000, 0x0000000617600000, 0x0000000617800000|  0%| F|  |TAMS 0x0000000617600000, 0x0000000617600000| Untracked 
| 180|0x0000000617800000, 0x0000000617800000, 0x0000000617a00000|  0%| F|  |TAMS 0x0000000617800000, 0x0000000617800000| Untracked 
| 181|0x0000000617a00000, 0x0000000617a00000, 0x0000000617c00000|  0%| F|  |TAMS 0x0000000617a00000, 0x0000000617a00000| Untracked 
| 182|0x0000000617c00000, 0x0000000617c00000, 0x0000000617e00000|  0%| F|  |TAMS 0x0000000617c00000, 0x0000000617c00000| Untracked 
| 183|0x0000000617e00000, 0x0000000617e00000, 0x0000000618000000|  0%| F|  |TAMS 0x0000000617e00000, 0x0000000617e00000| Untracked 
| 184|0x0000000618000000, 0x0000000618000000, 0x0000000618200000|  0%| F|  |TAMS 0x0000000618000000, 0x0000000618000000| Untracked 
| 185|0x0000000618200000, 0x0000000618200000, 0x0000000618400000|  0%| F|  |TAMS 0x0000000618200000, 0x0000000618200000| Untracked 
| 186|0x0000000618400000, 0x0000000618400000, 0x0000000618600000|  0%| F|  |TAMS 0x0000000618400000, 0x0000000618400000| Untracked 
| 187|0x0000000618600000, 0x0000000618600000, 0x0000000618800000|  0%| F|  |TAMS 0x0000000618600000, 0x0000000618600000| Untracked 
| 188|0x0000000618800000, 0x0000000618800000, 0x0000000618a00000|  0%| F|  |TAMS 0x0000000618800000, 0x0000000618800000| Untracked 
| 189|0x0000000618a00000, 0x0000000618a00000, 0x0000000618c00000|  0%| F|  |TAMS 0x0000000618a00000, 0x0000000618a00000| Untracked 
| 190|0x0000000618c00000, 0x0000000618c00000, 0x0000000618e00000|  0%| F|  |TAMS 0x0000000618c00000, 0x0000000618c00000| Untracked 
| 191|0x0000000618e00000, 0x0000000618e00000, 0x0000000619000000|  0%| F|  |TAMS 0x0000000618e00000, 0x0000000618e00000| Untracked 
| 192|0x0000000619000000, 0x0000000619000000, 0x0000000619200000|  0%| F|  |TAMS 0x0000000619000000, 0x0000000619000000| Untracked 
| 193|0x0000000619200000, 0x0000000619200000, 0x0000000619400000|  0%| F|  |TAMS 0x0000000619200000, 0x0000000619200000| Untracked 
| 194|0x0000000619400000, 0x0000000619400000, 0x0000000619600000|  0%| F|  |TAMS 0x0000000619400000, 0x0000000619400000| Untracked 
| 195|0x0000000619600000, 0x0000000619600000, 0x0000000619800000|  0%| F|  |TAMS 0x0000000619600000, 0x0000000619600000| Untracked 
| 196|0x0000000619800000, 0x0000000619800000, 0x0000000619a00000|  0%| F|  |TAMS 0x0000000619800000, 0x0000000619800000| Untracked 
| 197|0x0000000619a00000, 0x0000000619a00000, 0x0000000619c00000|  0%| F|  |TAMS 0x0000000619a00000, 0x0000000619a00000| Untracked 
| 198|0x0000000619c00000, 0x0000000619c00000, 0x0000000619e00000|  0%| F|  |TAMS 0x0000000619c00000, 0x0000000619c00000| Untracked 
| 199|0x0000000619e00000, 0x0000000619e00000, 0x000000061a000000|  0%| F|  |TAMS 0x0000000619e00000, 0x0000000619e00000| Untracked 
| 200|0x000000061a000000, 0x000000061a000000, 0x000000061a200000|  0%| F|  |TAMS 0x000000061a000000, 0x000000061a000000| Untracked 
| 201|0x000000061a200000, 0x000000061a200000, 0x000000061a400000|  0%| F|  |TAMS 0x000000061a200000, 0x000000061a200000| Untracked 
| 202|0x000000061a400000, 0x000000061a400000, 0x000000061a600000|  0%| F|  |TAMS 0x000000061a400000, 0x000000061a400000| Untracked 
| 203|0x000000061a600000, 0x000000061a600000, 0x000000061a800000|  0%| F|  |TAMS 0x000000061a600000, 0x000000061a600000| Untracked 
| 204|0x000000061a800000, 0x000000061a800000, 0x000000061aa00000|  0%| F|  |TAMS 0x000000061a800000, 0x000000061a800000| Untracked 
| 205|0x000000061aa00000, 0x000000061aa00000, 0x000000061ac00000|  0%| F|  |TAMS 0x000000061aa00000, 0x000000061aa00000| Untracked 
| 206|0x000000061ac00000, 0x000000061ac00000, 0x000000061ae00000|  0%| F|  |TAMS 0x000000061ac00000, 0x000000061ac00000| Untracked 
| 207|0x000000061ae00000, 0x000000061ae00000, 0x000000061b000000|  0%| F|  |TAMS 0x000000061ae00000, 0x000000061ae00000| Untracked 
| 208|0x000000061b000000, 0x000000061b000000, 0x000000061b200000|  0%| F|  |TAMS 0x000000061b000000, 0x000000061b000000| Untracked 
| 209|0x000000061b200000, 0x000000061b200000, 0x000000061b400000|  0%| F|  |TAMS 0x000000061b200000, 0x000000061b200000| Untracked 
| 210|0x000000061b400000, 0x000000061b400000, 0x000000061b600000|  0%| F|  |TAMS 0x000000061b400000, 0x000000061b400000| Untracked 
| 211|0x000000061b600000, 0x000000061b600000, 0x000000061b800000|  0%| F|  |TAMS 0x000000061b600000, 0x000000061b600000| Untracked 
| 212|0x000000061b800000, 0x000000061b800000, 0x000000061ba00000|  0%| F|  |TAMS 0x000000061b800000, 0x000000061b800000| Untracked 
| 213|0x000000061ba00000, 0x000000061ba00000, 0x000000061bc00000|  0%| F|  |TAMS 0x000000061ba00000, 0x000000061ba00000| Untracked 
| 214|0x000000061bc00000, 0x000000061bc00000, 0x000000061be00000|  0%| F|  |TAMS 0x000000061bc00000, 0x000000061bc00000| Untracked 
| 215|0x000000061be00000, 0x000000061be00000, 0x000000061c000000|  0%| F|  |TAMS 0x000000061be00000, 0x000000061be00000| Untracked 
| 216|0x000000061c000000, 0x000000061c000000, 0x000000061c200000|  0%| F|  |TAMS 0x000000061c000000, 0x000000061c000000| Untracked 
| 217|0x000000061c200000, 0x000000061c200000, 0x000000061c400000|  0%| F|  |TAMS 0x000000061c200000, 0x000000061c200000| Untracked 
| 218|0x000000061c400000, 0x000000061c400000, 0x000000061c600000|  0%| F|  |TAMS 0x000000061c400000, 0x000000061c400000| Untracked 
| 219|0x000000061c600000, 0x000000061c600000, 0x000000061c800000|  0%| F|  |TAMS 0x000000061c600000, 0x000000061c600000| Untracked 
| 220|0x000000061c800000, 0x000000061c800000, 0x000000061ca00000|  0%| F|  |TAMS 0x000000061c800000, 0x000000061c800000| Untracked 
| 221|0x000000061ca00000, 0x000000061ca00000, 0x000000061cc00000|  0%| F|  |TAMS 0x000000061ca00000, 0x000000061ca00000| Untracked 
| 222|0x000000061cc00000, 0x000000061cc00000, 0x000000061ce00000|  0%| F|  |TAMS 0x000000061cc00000, 0x000000061cc00000| Untracked 
| 223|0x000000061ce00000, 0x000000061ce00000, 0x000000061d000000|  0%| F|  |TAMS 0x000000061ce00000, 0x000000061ce00000| Untracked 
| 224|0x000000061d000000, 0x000000061d000000, 0x000000061d200000|  0%| F|  |TAMS 0x000000061d000000, 0x000000061d000000| Untracked 
| 225|0x000000061d200000, 0x000000061d200000, 0x000000061d400000|  0%| F|  |TAMS 0x000000061d200000, 0x000000061d200000| Untracked 
| 226|0x000000061d400000, 0x000000061d400000, 0x000000061d600000|  0%| F|  |TAMS 0x000000061d400000, 0x000000061d400000| Untracked 
| 227|0x000000061d600000, 0x000000061d600000, 0x000000061d800000|  0%| F|  |TAMS 0x000000061d600000, 0x000000061d600000| Untracked 
| 228|0x000000061d800000, 0x000000061d800000, 0x000000061da00000|  0%| F|  |TAMS 0x000000061d800000, 0x000000061d800000| Untracked 
| 229|0x000000061da00000, 0x000000061da00000, 0x000000061dc00000|  0%| F|  |TAMS 0x000000061da00000, 0x000000061da00000| Untracked 
| 230|0x000000061dc00000, 0x000000061dc00000, 0x000000061de00000|  0%| F|  |TAMS 0x000000061dc00000, 0x000000061dc00000| Untracked 
| 231|0x000000061de00000, 0x000000061de00000, 0x000000061e000000|  0%| F|  |TAMS 0x000000061de00000, 0x000000061de00000| Untracked 
| 232|0x000000061e000000, 0x000000061e000000, 0x000000061e200000|  0%| F|  |TAMS 0x000000061e000000, 0x000000061e000000| Untracked 
| 233|0x000000061e200000, 0x000000061e200000, 0x000000061e400000|  0%| F|  |TAMS 0x000000061e200000, 0x000000061e200000| Untracked 
| 234|0x000000061e400000, 0x000000061e400000, 0x000000061e600000|  0%| F|  |TAMS 0x000000061e400000, 0x000000061e400000| Untracked 
| 235|0x000000061e600000, 0x000000061e600000, 0x000000061e800000|  0%| F|  |TAMS 0x000000061e600000, 0x000000061e600000| Untracked 
| 236|0x000000061e800000, 0x000000061e800000, 0x000000061ea00000|  0%| F|  |TAMS 0x000000061e800000, 0x000000061e800000| Untracked 
| 237|0x000000061ea00000, 0x000000061ea00000, 0x000000061ec00000|  0%| F|  |TAMS 0x000000061ea00000, 0x000000061ea00000| Untracked 
| 238|0x000000061ec00000, 0x000000061ec00000, 0x000000061ee00000|  0%| F|  |TAMS 0x000000061ec00000, 0x000000061ec00000| Untracked 
| 239|0x000000061ee00000, 0x000000061ee00000, 0x000000061f000000|  0%| F|  |TAMS 0x000000061ee00000, 0x000000061ee00000| Untracked 
| 240|0x000000061f000000, 0x000000061f000000, 0x000000061f200000|  0%| F|  |TAMS 0x000000061f000000, 0x000000061f000000| Untracked 
| 241|0x000000061f200000, 0x000000061f200000, 0x000000061f400000|  0%| F|  |TAMS 0x000000061f200000, 0x000000061f200000| Untracked 
| 242|0x000000061f400000, 0x000000061f400000, 0x000000061f600000|  0%| F|  |TAMS 0x000000061f400000, 0x000000061f400000| Untracked 
| 243|0x000000061f600000, 0x000000061f600000, 0x000000061f800000|  0%| F|  |TAMS 0x000000061f600000, 0x000000061f600000| Untracked 
| 244|0x000000061f800000, 0x000000061f800000, 0x000000061fa00000|  0%| F|  |TAMS 0x000000061f800000, 0x000000061f800000| Untracked 
| 245|0x000000061fa00000, 0x000000061fa00000, 0x000000061fc00000|  0%| F|  |TAMS 0x000000061fa00000, 0x000000061fa00000| Untracked 
| 246|0x000000061fc00000, 0x000000061fc00000, 0x000000061fe00000|  0%| F|  |TAMS 0x000000061fc00000, 0x000000061fc00000| Untracked 
| 247|0x000000061fe00000, 0x000000061fe00000, 0x0000000620000000|  0%| F|  |TAMS 0x000000061fe00000, 0x000000061fe00000| Untracked 
| 248|0x0000000620000000, 0x0000000620000000, 0x0000000620200000|  0%| F|  |TAMS 0x0000000620000000, 0x0000000620000000| Untracked 
| 249|0x0000000620200000, 0x0000000620200000, 0x0000000620400000|  0%| F|  |TAMS 0x0000000620200000, 0x0000000620200000| Untracked 
| 250|0x0000000620400000, 0x0000000620400000, 0x0000000620600000|  0%| F|  |TAMS 0x0000000620400000, 0x0000000620400000| Untracked 
| 251|0x0000000620600000, 0x0000000620600000, 0x0000000620800000|  0%| F|  |TAMS 0x0000000620600000, 0x0000000620600000| Untracked 
| 252|0x0000000620800000, 0x0000000620800000, 0x0000000620a00000|  0%| F|  |TAMS 0x0000000620800000, 0x0000000620800000| Untracked 
| 253|0x0000000620a00000, 0x0000000620a00000, 0x0000000620c00000|  0%| F|  |TAMS 0x0000000620a00000, 0x0000000620a00000| Untracked 
| 254|0x0000000620c00000, 0x0000000620c00000, 0x0000000620e00000|  0%| F|  |TAMS 0x0000000620c00000, 0x0000000620c00000| Untracked 
| 255|0x0000000620e00000, 0x0000000620e00000, 0x0000000621000000|  0%| F|  |TAMS 0x0000000620e00000, 0x0000000620e00000| Untracked 
| 256|0x0000000621000000, 0x0000000621000000, 0x0000000621200000|  0%| F|  |TAMS 0x0000000621000000, 0x0000000621000000| Untracked 
| 257|0x0000000621200000, 0x0000000621200000, 0x0000000621400000|  0%| F|  |TAMS 0x0000000621200000, 0x0000000621200000| Untracked 
| 258|0x0000000621400000, 0x0000000621400000, 0x0000000621600000|  0%| F|  |TAMS 0x0000000621400000, 0x0000000621400000| Untracked 
| 259|0x0000000621600000, 0x0000000621600000, 0x0000000621800000|  0%| F|  |TAMS 0x0000000621600000, 0x0000000621600000| Untracked 
| 260|0x0000000621800000, 0x0000000621800000, 0x0000000621a00000|  0%| F|  |TAMS 0x0000000621800000, 0x0000000621800000| Untracked 
| 261|0x0000000621a00000, 0x0000000621a00000, 0x0000000621c00000|  0%| F|  |TAMS 0x0000000621a00000, 0x0000000621a00000| Untracked 
| 262|0x0000000621c00000, 0x0000000621c00000, 0x0000000621e00000|  0%| F|  |TAMS 0x0000000621c00000, 0x0000000621c00000| Untracked 
| 263|0x0000000621e00000, 0x0000000621e00000, 0x0000000622000000|  0%| F|  |TAMS 0x0000000621e00000, 0x0000000621e00000| Untracked 
| 264|0x0000000622000000, 0x0000000622000000, 0x0000000622200000|  0%| F|  |TAMS 0x0000000622000000, 0x0000000622000000| Untracked 
| 265|0x0000000622200000, 0x0000000622200000, 0x0000000622400000|  0%| F|  |TAMS 0x0000000622200000, 0x0000000622200000| Untracked 
| 266|0x0000000622400000, 0x0000000622400000, 0x0000000622600000|  0%| F|  |TAMS 0x0000000622400000, 0x0000000622400000| Untracked 
| 267|0x0000000622600000, 0x0000000622600000, 0x0000000622800000|  0%| F|  |TAMS 0x0000000622600000, 0x0000000622600000| Untracked 
| 268|0x0000000622800000, 0x0000000622800000, 0x0000000622a00000|  0%| F|  |TAMS 0x0000000622800000, 0x0000000622800000| Untracked 
| 269|0x0000000622a00000, 0x0000000622a00000, 0x0000000622c00000|  0%| F|  |TAMS 0x0000000622a00000, 0x0000000622a00000| Untracked 
| 270|0x0000000622c00000, 0x0000000622c00000, 0x0000000622e00000|  0%| F|  |TAMS 0x0000000622c00000, 0x0000000622c00000| Untracked 
| 271|0x0000000622e00000, 0x0000000622e00000, 0x0000000623000000|  0%| F|  |TAMS 0x0000000622e00000, 0x0000000622e00000| Untracked 
| 272|0x0000000623000000, 0x0000000623000000, 0x0000000623200000|  0%| F|  |TAMS 0x0000000623000000, 0x0000000623000000| Untracked 
| 273|0x0000000623200000, 0x0000000623200000, 0x0000000623400000|  0%| F|  |TAMS 0x0000000623200000, 0x0000000623200000| Untracked 
| 274|0x0000000623400000, 0x0000000623400000, 0x0000000623600000|  0%| F|  |TAMS 0x0000000623400000, 0x0000000623400000| Untracked 
| 275|0x0000000623600000, 0x0000000623600000, 0x0000000623800000|  0%| F|  |TAMS 0x0000000623600000, 0x0000000623600000| Untracked 
| 276|0x0000000623800000, 0x0000000623800000, 0x0000000623a00000|  0%| F|  |TAMS 0x0000000623800000, 0x0000000623800000| Untracked 
| 277|0x0000000623a00000, 0x0000000623a00000, 0x0000000623c00000|  0%| F|  |TAMS 0x0000000623a00000, 0x0000000623a00000| Untracked 
| 278|0x0000000623c00000, 0x0000000623c00000, 0x0000000623e00000|  0%| F|  |TAMS 0x0000000623c00000, 0x0000000623c00000| Untracked 
| 279|0x0000000623e00000, 0x0000000623e00000, 0x0000000624000000|  0%| F|  |TAMS 0x0000000623e00000, 0x0000000623e00000| Untracked 
| 280|0x0000000624000000, 0x0000000624000000, 0x0000000624200000|  0%| F|  |TAMS 0x0000000624000000, 0x0000000624000000| Untracked 
| 281|0x0000000624200000, 0x0000000624200000, 0x0000000624400000|  0%| F|  |TAMS 0x0000000624200000, 0x0000000624200000| Untracked 
| 282|0x0000000624400000, 0x0000000624400000, 0x0000000624600000|  0%| F|  |TAMS 0x0000000624400000, 0x0000000624400000| Untracked 
| 283|0x0000000624600000, 0x0000000624600000, 0x0000000624800000|  0%| F|  |TAMS 0x0000000624600000, 0x0000000624600000| Untracked 
| 284|0x0000000624800000, 0x0000000624800000, 0x0000000624a00000|  0%| F|  |TAMS 0x0000000624800000, 0x0000000624800000| Untracked 
| 285|0x0000000624a00000, 0x0000000624a00000, 0x0000000624c00000|  0%| F|  |TAMS 0x0000000624a00000, 0x0000000624a00000| Untracked 
| 286|0x0000000624c00000, 0x0000000624c00000, 0x0000000624e00000|  0%| F|  |TAMS 0x0000000624c00000, 0x0000000624c00000| Untracked 
| 287|0x0000000624e00000, 0x0000000624e00000, 0x0000000625000000|  0%| F|  |TAMS 0x0000000624e00000, 0x0000000624e00000| Untracked 
| 288|0x0000000625000000, 0x0000000625000000, 0x0000000625200000|  0%| F|  |TAMS 0x0000000625000000, 0x0000000625000000| Untracked 
| 289|0x0000000625200000, 0x0000000625200000, 0x0000000625400000|  0%| F|  |TAMS 0x0000000625200000, 0x0000000625200000| Untracked 
| 290|0x0000000625400000, 0x0000000625400000, 0x0000000625600000|  0%| F|  |TAMS 0x0000000625400000, 0x0000000625400000| Untracked 
| 291|0x0000000625600000, 0x0000000625600000, 0x0000000625800000|  0%| F|  |TAMS 0x0000000625600000, 0x0000000625600000| Untracked 
| 292|0x0000000625800000, 0x0000000625800000, 0x0000000625a00000|  0%| F|  |TAMS 0x0000000625800000, 0x0000000625800000| Untracked 
| 293|0x0000000625a00000, 0x0000000625a00000, 0x0000000625c00000|  0%| F|  |TAMS 0x0000000625a00000, 0x0000000625a00000| Untracked 
| 294|0x0000000625c00000, 0x0000000625c00000, 0x0000000625e00000|  0%| F|  |TAMS 0x0000000625c00000, 0x0000000625c00000| Untracked 
| 295|0x0000000625e00000, 0x0000000625e00000, 0x0000000626000000|  0%| F|  |TAMS 0x0000000625e00000, 0x0000000625e00000| Untracked 
| 296|0x0000000626000000, 0x0000000626000000, 0x0000000626200000|  0%| F|  |TAMS 0x0000000626000000, 0x0000000626000000| Untracked 
| 297|0x0000000626200000, 0x0000000626200000, 0x0000000626400000|  0%| F|  |TAMS 0x0000000626200000, 0x0000000626200000| Untracked 
| 298|0x0000000626400000, 0x0000000626400000, 0x0000000626600000|  0%| F|  |TAMS 0x0000000626400000, 0x0000000626400000| Untracked 
| 299|0x0000000626600000, 0x0000000626600000, 0x0000000626800000|  0%| F|  |TAMS 0x0000000626600000, 0x0000000626600000| Untracked 
| 300|0x0000000626800000, 0x0000000626800000, 0x0000000626a00000|  0%| F|  |TAMS 0x0000000626800000, 0x0000000626800000| Untracked 
| 301|0x0000000626a00000, 0x0000000626a00000, 0x0000000626c00000|  0%| F|  |TAMS 0x0000000626a00000, 0x0000000626a00000| Untracked 
| 302|0x0000000626c00000, 0x0000000626c00000, 0x0000000626e00000|  0%| F|  |TAMS 0x0000000626c00000, 0x0000000626c00000| Untracked 
| 303|0x0000000626e00000, 0x0000000626e00000, 0x0000000627000000|  0%| F|  |TAMS 0x0000000626e00000, 0x0000000626e00000| Untracked 
| 304|0x0000000627000000, 0x0000000627000000, 0x0000000627200000|  0%| F|  |TAMS 0x0000000627000000, 0x0000000627000000| Untracked 
| 305|0x0000000627200000, 0x0000000627200000, 0x0000000627400000|  0%| F|  |TAMS 0x0000000627200000, 0x0000000627200000| Untracked 
| 306|0x0000000627400000, 0x0000000627400000, 0x0000000627600000|  0%| F|  |TAMS 0x0000000627400000, 0x0000000627400000| Untracked 
| 307|0x0000000627600000, 0x0000000627600000, 0x0000000627800000|  0%| F|  |TAMS 0x0000000627600000, 0x0000000627600000| Untracked 
| 308|0x0000000627800000, 0x0000000627800000, 0x0000000627a00000|  0%| F|  |TAMS 0x0000000627800000, 0x0000000627800000| Untracked 
| 309|0x0000000627a00000, 0x0000000627a00000, 0x0000000627c00000|  0%| F|  |TAMS 0x0000000627a00000, 0x0000000627a00000| Untracked 
| 310|0x0000000627c00000, 0x0000000627c00000, 0x0000000627e00000|  0%| F|  |TAMS 0x0000000627c00000, 0x0000000627c00000| Untracked 
| 311|0x0000000627e00000, 0x0000000627e00000, 0x0000000628000000|  0%| F|  |TAMS 0x0000000627e00000, 0x0000000627e00000| Untracked 
| 312|0x0000000628000000, 0x0000000628000000, 0x0000000628200000|  0%| F|  |TAMS 0x0000000628000000, 0x0000000628000000| Untracked 
| 313|0x0000000628200000, 0x0000000628200000, 0x0000000628400000|  0%| F|  |TAMS 0x0000000628200000, 0x0000000628200000| Untracked 
| 314|0x0000000628400000, 0x0000000628400000, 0x0000000628600000|  0%| F|  |TAMS 0x0000000628400000, 0x0000000628400000| Untracked 
| 315|0x0000000628600000, 0x0000000628600000, 0x0000000628800000|  0%| F|  |TAMS 0x0000000628600000, 0x0000000628600000| Untracked 
| 316|0x0000000628800000, 0x0000000628800000, 0x0000000628a00000|  0%| F|  |TAMS 0x0000000628800000, 0x0000000628800000| Untracked 
| 317|0x0000000628a00000, 0x0000000628a00000, 0x0000000628c00000|  0%| F|  |TAMS 0x0000000628a00000, 0x0000000628a00000| Untracked 
| 318|0x0000000628c00000, 0x0000000628c00000, 0x0000000628e00000|  0%| F|  |TAMS 0x0000000628c00000, 0x0000000628c00000| Untracked 
| 319|0x0000000628e00000, 0x0000000628e00000, 0x0000000629000000|  0%| F|  |TAMS 0x0000000628e00000, 0x0000000628e00000| Untracked 
| 320|0x0000000629000000, 0x0000000629000000, 0x0000000629200000|  0%| F|  |TAMS 0x0000000629000000, 0x0000000629000000| Untracked 
| 321|0x0000000629200000, 0x0000000629200000, 0x0000000629400000|  0%| F|  |TAMS 0x0000000629200000, 0x0000000629200000| Untracked 
| 322|0x0000000629400000, 0x0000000629400000, 0x0000000629600000|  0%| F|  |TAMS 0x0000000629400000, 0x0000000629400000| Untracked 
| 323|0x0000000629600000, 0x0000000629600000, 0x0000000629800000|  0%| F|  |TAMS 0x0000000629600000, 0x0000000629600000| Untracked 
| 324|0x0000000629800000, 0x0000000629800000, 0x0000000629a00000|  0%| F|  |TAMS 0x0000000629800000, 0x0000000629800000| Untracked 
| 325|0x0000000629a00000, 0x0000000629a00000, 0x0000000629c00000|  0%| F|  |TAMS 0x0000000629a00000, 0x0000000629a00000| Untracked 
| 326|0x0000000629c00000, 0x0000000629c00000, 0x0000000629e00000|  0%| F|  |TAMS 0x0000000629c00000, 0x0000000629c00000| Untracked 
| 327|0x0000000629e00000, 0x0000000629e00000, 0x000000062a000000|  0%| F|  |TAMS 0x0000000629e00000, 0x0000000629e00000| Untracked 
| 328|0x000000062a000000, 0x000000062a000000, 0x000000062a200000|  0%| F|  |TAMS 0x000000062a000000, 0x000000062a000000| Untracked 
| 329|0x000000062a200000, 0x000000062a200000, 0x000000062a400000|  0%| F|  |TAMS 0x000000062a200000, 0x000000062a200000| Untracked 
| 330|0x000000062a400000, 0x000000062a400000, 0x000000062a600000|  0%| F|  |TAMS 0x000000062a400000, 0x000000062a400000| Untracked 
| 331|0x000000062a600000, 0x000000062a600000, 0x000000062a800000|  0%| F|  |TAMS 0x000000062a600000, 0x000000062a600000| Untracked 
| 332|0x000000062a800000, 0x000000062a800000, 0x000000062aa00000|  0%| F|  |TAMS 0x000000062a800000, 0x000000062a800000| Untracked 
| 333|0x000000062aa00000, 0x000000062aa00000, 0x000000062ac00000|  0%| F|  |TAMS 0x000000062aa00000, 0x000000062aa00000| Untracked 
| 334|0x000000062ac00000, 0x000000062ac00000, 0x000000062ae00000|  0%| F|  |TAMS 0x000000062ac00000, 0x000000062ac00000| Untracked 
| 335|0x000000062ae00000, 0x000000062ae00000, 0x000000062b000000|  0%| F|  |TAMS 0x000000062ae00000, 0x000000062ae00000| Untracked 
| 336|0x000000062b000000, 0x000000062b000000, 0x000000062b200000|  0%| F|  |TAMS 0x000000062b000000, 0x000000062b000000| Untracked 
| 337|0x000000062b200000, 0x000000062b200000, 0x000000062b400000|  0%| F|  |TAMS 0x000000062b200000, 0x000000062b200000| Untracked 
| 338|0x000000062b400000, 0x000000062b400000, 0x000000062b600000|  0%| F|  |TAMS 0x000000062b400000, 0x000000062b400000| Untracked 
| 339|0x000000062b600000, 0x000000062b600000, 0x000000062b800000|  0%| F|  |TAMS 0x000000062b600000, 0x000000062b600000| Untracked 
| 340|0x000000062b800000, 0x000000062b800000, 0x000000062ba00000|  0%| F|  |TAMS 0x000000062b800000, 0x000000062b800000| Untracked 
| 341|0x000000062ba00000, 0x000000062ba00000, 0x000000062bc00000|  0%| F|  |TAMS 0x000000062ba00000, 0x000000062ba00000| Untracked 
| 342|0x000000062bc00000, 0x000000062bc00000, 0x000000062be00000|  0%| F|  |TAMS 0x000000062bc00000, 0x000000062bc00000| Untracked 
| 343|0x000000062be00000, 0x000000062be00000, 0x000000062c000000|  0%| F|  |TAMS 0x000000062be00000, 0x000000062be00000| Untracked 
| 344|0x000000062c000000, 0x000000062c000000, 0x000000062c200000|  0%| F|  |TAMS 0x000000062c000000, 0x000000062c000000| Untracked 
| 345|0x000000062c200000, 0x000000062c200000, 0x000000062c400000|  0%| F|  |TAMS 0x000000062c200000, 0x000000062c200000| Untracked 
| 346|0x000000062c400000, 0x000000062c400000, 0x000000062c600000|  0%| F|  |TAMS 0x000000062c400000, 0x000000062c400000| Untracked 
| 347|0x000000062c600000, 0x000000062c600000, 0x000000062c800000|  0%| F|  |TAMS 0x000000062c600000, 0x000000062c600000| Untracked 
| 348|0x000000062c800000, 0x000000062c800000, 0x000000062ca00000|  0%| F|  |TAMS 0x000000062c800000, 0x000000062c800000| Untracked 
| 349|0x000000062ca00000, 0x000000062ca00000, 0x000000062cc00000|  0%| F|  |TAMS 0x000000062ca00000, 0x000000062ca00000| Untracked 
| 350|0x000000062cc00000, 0x000000062cc00000, 0x000000062ce00000|  0%| F|  |TAMS 0x000000062cc00000, 0x000000062cc00000| Untracked 
| 351|0x000000062ce00000, 0x000000062ce00000, 0x000000062d000000|  0%| F|  |TAMS 0x000000062ce00000, 0x000000062ce00000| Untracked 
| 352|0x000000062d000000, 0x000000062d000000, 0x000000062d200000|  0%| F|  |TAMS 0x000000062d000000, 0x000000062d000000| Untracked 
| 353|0x000000062d200000, 0x000000062d200000, 0x000000062d400000|  0%| F|  |TAMS 0x000000062d200000, 0x000000062d200000| Untracked 
| 354|0x000000062d400000, 0x000000062d400000, 0x000000062d600000|  0%| F|  |TAMS 0x000000062d400000, 0x000000062d400000| Untracked 
| 355|0x000000062d600000, 0x000000062d600800, 0x000000062d800000|  0%| E|  |TAMS 0x000000062d600000, 0x000000062d600000| Complete 
| 356|0x000000062d800000, 0x000000062da00000, 0x000000062da00000|100%| E|CS|TAMS 0x000000062d800000, 0x000000062d800000| Complete 
| 357|0x000000062da00000, 0x000000062dc00000, 0x000000062dc00000|100%| E|CS|TAMS 0x000000062da00000, 0x000000062da00000| Complete 
| 358|0x000000062dc00000, 0x000000062de00000, 0x000000062de00000|100%| E|  |TAMS 0x000000062dc00000, 0x000000062dc00000| Complete 
| 359|0x000000062de00000, 0x000000062e000000, 0x000000062e000000|100%| E|CS|TAMS 0x000000062de00000, 0x000000062de00000| Complete 
| 360|0x000000062e000000, 0x000000062e200000, 0x000000062e200000|100%| E|CS|TAMS 0x000000062e000000, 0x000000062e000000| Complete 
| 361|0x000000062e200000, 0x000000062e400000, 0x000000062e400000|100%| E|CS|TAMS 0x000000062e200000, 0x000000062e200000| Complete 
| 362|0x000000062e400000, 0x000000062e600000, 0x000000062e600000|100%| E|CS|TAMS 0x000000062e400000, 0x000000062e400000| Complete 
| 363|0x000000062e600000, 0x000000062e800000, 0x000000062e800000|100%| E|CS|TAMS 0x000000062e600000, 0x000000062e600000| Complete 
| 364|0x000000062e800000, 0x000000062ea00000, 0x000000062ea00000|100%| E|CS|TAMS 0x000000062e800000, 0x000000062e800000| Complete 
| 365|0x000000062ea00000, 0x000000062ec00000, 0x000000062ec00000|100%| E|CS|TAMS 0x000000062ea00000, 0x000000062ea00000| Complete 
| 366|0x000000062ec00000, 0x000000062ee00000, 0x000000062ee00000|100%| E|CS|TAMS 0x000000062ec00000, 0x000000062ec00000| Complete 
| 367|0x000000062ee00000, 0x000000062f000000, 0x000000062f000000|100%| E|CS|TAMS 0x000000062ee00000, 0x000000062ee00000| Complete 
| 368|0x000000062f000000, 0x000000062f200000, 0x000000062f200000|100%| E|CS|TAMS 0x000000062f000000, 0x000000062f000000| Complete 
| 369|0x000000062f200000, 0x000000062f400000, 0x000000062f400000|100%| E|CS|TAMS 0x000000062f200000, 0x000000062f200000| Complete 

Card table byte_map: [0x0000024747d20000,0x0000024748d20000] _byte_map_base: 0x0000024744d18000

Marking Bits (Prev, Next): (CMBitMap*) 0x000002472f2f4948, (CMBitMap*) 0x000002472f2f4980
 Prev Bits: [0x0000024749d20000, 0x0000024751ce0000)
 Next Bits: [0x0000024751ce0000, 0x0000024759ca0000)

Polling page: 0x000002472d270000

Metaspace:

Usage:
  Non-class:     94.76 MB capacity,    89.94 MB ( 95%) used,     4.25 MB (  4%) free+waste,   591.31 KB ( <1%) overhead. 
      Class:     13.69 MB capacity,    11.20 MB ( 82%) used,     2.21 MB ( 16%) free+waste,   277.81 KB (  2%) overhead. 
       Both:    108.45 MB capacity,   101.14 MB ( 93%) used,     6.46 MB (  6%) free+waste,   869.12 KB ( <1%) overhead. 

Virtual space:
  Non-class space:       96.00 MB reserved,      95.00 MB ( 99%) committed 
      Class space:        1.00 GB reserved,      13.75 MB (  1%) committed 
             Both:        1.09 GB reserved,     108.75 MB ( 10%) committed 

Chunk freelists:
   Non-Class:  51.00 KB
       Class:  33.00 KB
        Both:  84.00 KB

MaxMetaspaceSize: 17179869184.00 GB
CompressedClassSpaceSize: 1.00 GB
Initial GC threshold: 20.80 MB
Current GC threshold: 180.83 MB
CDS: off

CodeHeap 'non-profiled nmethods': size=120000Kb used=21085Kb max_used=21085Kb free=98914Kb
 bounds [0x000002473f4b0000, 0x0000024740950000, 0x00000247469e0000]
CodeHeap 'profiled nmethods': size=120000Kb used=46274Kb max_used=46274Kb free=73725Kb
 bounds [0x0000024737f80000, 0x000002473acc0000, 0x000002473f4b0000]
CodeHeap 'non-nmethods': size=5760Kb used=2119Kb max_used=2198Kb free=3640Kb
 bounds [0x00000247379e0000, 0x0000024737c50000, 0x0000024737f80000]
 total_blobs=18097 nmethods=16439 adapters=1567
 compilation: enabled
              stopped_count=0, restarted_count=0
 full_count=0

Compilation events (20 events):
Event: 979.747 Thread 0x000002475d1ef000 22602       3       java.awt.geom.Point2D$Float::<init> (5 bytes)
Event: 979.747 Thread 0x000002475d1ef000 nmethod 22602 0x000002473acb2990 code [0x000002473acb2b40, 0x000002473acb2cf8]
Event: 979.747 Thread 0x000002475d1ef000 22601       3       java.awt.geom.AffineTransform::transform (300 bytes)
Event: 979.747 Thread 0x000002475d1ef000 nmethod 22601 0x000002473acb2e10 code [0x000002473acb30e0, 0x000002473acb4368]
Event: 979.772 Thread 0x000002475d1ef000 22603       1       org.pushingpixels.substance.internal.utils.SubstanceTitleButton::isOpaque (2 bytes)
Event: 979.772 Thread 0x000002475d1ef000 nmethod 22603 0x0000024740946c10 code [0x0000024740946dc0, 0x0000024740946e78]
Event: 979.912 Thread 0x000002475d1ef000 22604       3       java.awt.image.SinglePixelPackedSampleModel::createDataBuffer (79 bytes)
Event: 979.912 Thread 0x000002475d1ef000 nmethod 22604 0x000002473acb4810 code [0x000002473acb4a80, 0x000002473acb5b68]
Event: 979.912 Thread 0x000002475d1ef000 22605       3       java.awt.image.SinglePixelPackedSampleModel::getBufferSize (20 bytes)
Event: 979.912 Thread 0x000002475d1ef000 nmethod 22605 0x0000024739493510 code [0x00000247394936c0, 0x00000247394937d8]
Event: 980.200 Thread 0x000002475d1ef000 22606       3       java.awt.Component::processEvent (220 bytes)
Event: 980.200 Thread 0x000002475d1ef000 nmethod 22606 0x000002473acb5f10 code [0x000002473acb6200, 0x000002473acb7e28]
Event: 980.203 Thread 0x000002475d1ef000 22607  s!   3       ab::mouseMoved (157 bytes)
Event: 980.204 Thread 0x000002475d1ef000 nmethod 22607 0x000002473acb8110 code [0x000002473acb83e0, 0x000002473acb9478]
Event: 980.353 Thread 0x000002475d1ef000 22608   !   3       java.util.concurrent.locks.AbstractQueuedSynchronizer::acquireQueued (74 bytes)
Event: 980.354 Thread 0x000002475d1ef000 nmethod 22608 0x000002473acb9b10 code [0x000002473acb9dc0, 0x000002473acbaac8]
Event: 980.538 Thread 0x000002475d1de000 22609       4       java.lang.Double::equals (34 bytes)
Event: 980.538 Thread 0x000002475d1de000 nmethod 22609 0x0000024740946f10 code [0x00000247409470a0, 0x0000024740947198]
Event: 980.560 Thread 0x000002475d1de000 22610       4       java.util.Collections$3::hasMoreElements (10 bytes)
Event: 980.560 Thread 0x000002475d1de000 nmethod 22610 0x0000024740947290 code [0x0000024740947420, 0x00000247409474d8]

GC Heap History (20 events):
Event: 889.999 GC heap before
{Heap before GC invocations=103 (full 0):
 garbage-first heap   total 757760K, used 675853K [0x0000000601000000, 0x0000000800000000)
  region size 2048K, 197 young (403456K), 1 survivors (2048K)
 Metaspace       used 103322K, capacity 110714K, committed 110844K, reserved 1146880K
  class space    used 11462K, capacity 13991K, committed 14076K, reserved 1048576K
}
Event: 890.000 GC heap after
{Heap after GC invocations=104 (full 0):
 garbage-first heap   total 757760K, used 274494K [0x0000000601000000, 0x0000000800000000)
  region size 2048K, 1 young (2048K), 1 survivors (2048K)
 Metaspace       used 103322K, capacity 110714K, committed 110844K, reserved 1146880K
  class space    used 11462K, capacity 13991K, committed 14076K, reserved 1048576K
}
Event: 900.116 GC heap before
{Heap before GC invocations=104 (full 0):
 garbage-first heap   total 757760K, used 675902K [0x0000000601000000, 0x0000000800000000)
  region size 2048K, 197 young (403456K), 1 survivors (2048K)
 Metaspace       used 103328K, capacity 110778K, committed 111100K, reserved 1146880K
  class space    used 11462K, capacity 13991K, committed 14076K, reserved 1048576K
}
Event: 900.117 GC heap after
{Heap after GC invocations=105 (full 0):
 garbage-first heap   total 757760K, used 274521K [0x0000000601000000, 0x0000000800000000)
  region size 2048K, 1 young (2048K), 1 survivors (2048K)
 Metaspace       used 103328K, capacity 110778K, committed 111100K, reserved 1146880K
  class space    used 11462K, capacity 13991K, committed 14076K, reserved 1048576K
}
Event: 910.245 GC heap before
{Heap before GC invocations=105 (full 0):
 garbage-first heap   total 757760K, used 675929K [0x0000000601000000, 0x0000000800000000)
  region size 2048K, 197 young (403456K), 1 survivors (2048K)
 Metaspace       used 103417K, capacity 110885K, committed 111100K, reserved 1146880K
  class space    used 11472K, capacity 14025K, committed 14076K, reserved 1048576K
}
Event: 910.247 GC heap after
{Heap after GC invocations=106 (full 0):
 garbage-first heap   total 757760K, used 275061K [0x0000000601000000, 0x0000000800000000)
  region size 2048K, 1 young (2048K), 1 survivors (2048K)
 Metaspace       used 103417K, capacity 110885K, committed 111100K, reserved 1146880K
  class space    used 11472K, capacity 14025K, committed 14076K, reserved 1048576K
}
Event: 921.025 GC heap before
{Heap before GC invocations=106 (full 0):
 garbage-first heap   total 757760K, used 676469K [0x0000000601000000, 0x0000000800000000)
  region size 2048K, 197 young (403456K), 1 survivors (2048K)
 Metaspace       used 103450K, capacity 110950K, committed 111100K, reserved 1146880K
  class space    used 11472K, capacity 14025K, committed 14076K, reserved 1048576K
}
Event: 921.027 GC heap after
{Heap after GC invocations=107 (full 0):
 garbage-first heap   total 757760K, used 275134K [0x0000000601000000, 0x0000000800000000)
  region size 2048K, 1 young (2048K), 1 survivors (2048K)
 Metaspace       used 103450K, capacity 110950K, committed 111100K, reserved 1146880K
  class space    used 11472K, capacity 14025K, committed 14076K, reserved 1048576K
}
Event: 931.950 GC heap before
{Heap before GC invocations=107 (full 0):
 garbage-first heap   total 757760K, used 676542K [0x0000000601000000, 0x0000000800000000)
  region size 2048K, 197 young (403456K), 1 survivors (2048K)
 Metaspace       used 103480K, capacity 111014K, committed 111100K, reserved 1146880K
  class space    used 11472K, capacity 14025K, committed 14076K, reserved 1048576K
}
Event: 931.951 GC heap after
{Heap after GC invocations=108 (full 0):
 garbage-first heap   total 757760K, used 275188K [0x0000000601000000, 0x0000000800000000)
  region size 2048K, 1 young (2048K), 1 survivors (2048K)
 Metaspace       used 103480K, capacity 111014K, committed 111100K, reserved 1146880K
  class space    used 11472K, capacity 14025K, committed 14076K, reserved 1048576K
}
Event: 940.969 GC heap before
{Heap before GC invocations=108 (full 0):
 garbage-first heap   total 757760K, used 676596K [0x0000000601000000, 0x0000000800000000)
  region size 2048K, 197 young (403456K), 1 survivors (2048K)
 Metaspace       used 103512K, capacity 111018K, committed 111100K, reserved 1146880K
  class space    used 11472K, capacity 14025K, committed 14076K, reserved 1048576K
}
Event: 940.970 GC heap after
{Heap after GC invocations=109 (full 0):
 garbage-first heap   total 757760K, used 275359K [0x0000000601000000, 0x0000000800000000)
  region size 2048K, 1 young (2048K), 1 survivors (2048K)
 Metaspace       used 103512K, capacity 111018K, committed 111100K, reserved 1146880K
  class space    used 11472K, capacity 14025K, committed 14076K, reserved 1048576K
}
Event: 951.376 GC heap before
{Heap before GC invocations=109 (full 0):
 garbage-first heap   total 757760K, used 676767K [0x0000000601000000, 0x0000000800000000)
  region size 2048K, 197 young (403456K), 1 survivors (2048K)
 Metaspace       used 103527K, capacity 111018K, committed 111100K, reserved 1146880K
  class space    used 11472K, capacity 14025K, committed 14076K, reserved 1048576K
}
Event: 951.378 GC heap after
{Heap after GC invocations=110 (full 0):
 garbage-first heap   total 757760K, used 275365K [0x0000000601000000, 0x0000000800000000)
  region size 2048K, 1 young (2048K), 1 survivors (2048K)
 Metaspace       used 103527K, capacity 111018K, committed 111100K, reserved 1146880K
  class space    used 11472K, capacity 14025K, committed 14076K, reserved 1048576K
}
Event: 961.956 GC heap before
{Heap before GC invocations=110 (full 0):
 garbage-first heap   total 757760K, used 676773K [0x0000000601000000, 0x0000000800000000)
  region size 2048K, 197 young (403456K), 1 survivors (2048K)
 Metaspace       used 103528K, capacity 111018K, committed 111100K, reserved 1146880K
  class space    used 11472K, capacity 14025K, committed 14076K, reserved 1048576K
}
Event: 961.958 GC heap after
{Heap after GC invocations=111 (full 0):
 garbage-first heap   total 757760K, used 275372K [0x0000000601000000, 0x0000000800000000)
  region size 2048K, 1 young (2048K), 1 survivors (2048K)
 Metaspace       used 103528K, capacity 111018K, committed 111100K, reserved 1146880K
  class space    used 11472K, capacity 14025K, committed 14076K, reserved 1048576K
}
Event: 972.916 GC heap before
{Heap before GC invocations=111 (full 0):
 garbage-first heap   total 757760K, used 676780K [0x0000000601000000, 0x0000000800000000)
  region size 2048K, 197 young (403456K), 1 survivors (2048K)
 Metaspace       used 103529K, capacity 111018K, committed 111100K, reserved 1146880K
  class space    used 11472K, capacity 14025K, committed 14076K, reserved 1048576K
}
Event: 972.918 GC heap after
{Heap after GC invocations=112 (full 0):
 garbage-first heap   total 757760K, used 275380K [0x0000000601000000, 0x0000000800000000)
  region size 2048K, 1 young (2048K), 1 survivors (2048K)
 Metaspace       used 103529K, capacity 111018K, committed 111100K, reserved 1146880K
  class space    used 11472K, capacity 14025K, committed 14076K, reserved 1048576K
}
Event: 978.738 GC heap before
{Heap before GC invocations=112 (full 0):
 garbage-first heap   total 757760K, used 514996K [0x0000000601000000, 0x0000000800000000)
  region size 2048K, 118 young (241664K), 1 survivors (2048K)
 Metaspace       used 103568K, capacity 111021K, committed 111100K, reserved 1146880K
  class space    used 11473K, capacity 14026K, committed 14076K, reserved 1048576K
}
Event: 978.832 GC heap after
{Heap after GC invocations=113 (full 1):
 garbage-first heap   total 757760K, used 215917K [0x0000000601000000, 0x0000000800000000)
  region size 2048K, 0 young (0K), 0 survivors (0K)
 Metaspace       used 103536K, capacity 110973K, committed 111100K, reserved 1146880K
  class space    used 11464K, capacity 14010K, committed 14076K, reserved 1048576K
}

Deoptimization events (20 events):
Event: 980.559 Thread 0x000002477150d800 Uncommon trap: trap_request=0xffffffde fr.pc=0x000002473faaba94 relative=0x0000000000000074
Event: 980.559 Thread 0x000002477150d800 Uncommon trap: reason=class_check action=maybe_recompile pc=0x000002473faaba94 method=java.util.Collections$3.hasMoreElements()Z @ 4 c2
Event: 980.559 Thread 0x000002477150d800 DEOPT PACKING pc=0x000002473faaba94 sp=0x0000008dea88f6b0
Event: 980.559 Thread 0x000002477150d800 DEOPT UNPACKING pc=0x0000024737a2a1af sp=0x0000008dea88f640 mode 2
Event: 980.559 Thread 0x000002477150d800 Uncommon trap: trap_request=0xffffffde fr.pc=0x000002473facba14 relative=0x00000000000001f4
Event: 980.559 Thread 0x000002477150d800 Uncommon trap: reason=class_check action=maybe_recompile pc=0x000002473facba14 method=java.util.Collections$3.nextElement()Ljava/lang/Object; @ 4 c2
Event: 980.559 Thread 0x000002477150d800 DEOPT PACKING pc=0x000002473facba14 sp=0x0000008dea88f680
Event: 980.559 Thread 0x000002477150d800 DEOPT UNPACKING pc=0x0000024737a2a1af sp=0x0000008dea88f640 mode 2
Event: 980.559 Thread 0x000002477150d800 Uncommon trap: trap_request=0xffffffde fr.pc=0x000002473faaba94 relative=0x0000000000000074
Event: 980.559 Thread 0x000002477150d800 Uncommon trap: reason=class_check action=maybe_recompile pc=0x000002473faaba94 method=java.util.Collections$3.hasMoreElements()Z @ 4 c2
Event: 980.559 Thread 0x000002477150d800 DEOPT PACKING pc=0x000002473faaba94 sp=0x0000008dea88f6b0
Event: 980.559 Thread 0x000002477150d800 DEOPT UNPACKING pc=0x0000024737a2a1af sp=0x0000008dea88f640 mode 2
Event: 980.559 Thread 0x000002477150d800 Uncommon trap: trap_request=0xffffffde fr.pc=0x000002473facba14 relative=0x00000000000001f4
Event: 980.559 Thread 0x000002477150d800 Uncommon trap: reason=class_check action=maybe_recompile pc=0x000002473facba14 method=java.util.Collections$3.nextElement()Ljava/lang/Object; @ 4 c2
Event: 980.559 Thread 0x000002477150d800 DEOPT PACKING pc=0x000002473facba14 sp=0x0000008dea88f680
Event: 980.559 Thread 0x000002477150d800 DEOPT UNPACKING pc=0x0000024737a2a1af sp=0x0000008dea88f640 mode 2
Event: 980.560 Thread 0x0000024763fad000 Uncommon trap: trap_request=0xffffff4d fr.pc=0x0000024740307ad8 relative=0x0000000000001998
Event: 980.560 Thread 0x0000024763fad000 Uncommon trap: reason=unstable_if action=reinterpret pc=0x0000024740307ad8 method=sun.java2d.d3d.D3DScreenUpdateManager.run()V @ 4 c2
Event: 980.560 Thread 0x0000024763fad000 DEOPT PACKING pc=0x0000024740307ad8 sp=0x0000008dea5ff110
Event: 980.560 Thread 0x0000024763fad000 DEOPT UNPACKING pc=0x0000024737a2a1af sp=0x0000008dea5ff108 mode 2

Classes redefined (0 events):
No events

Internal exceptions (20 events):
Event: 469.757 Thread 0x000002476c938000 Implicit null exception at 0x00000247392dec32 to 0x00000247392deed2
Event: 469.757 Thread 0x000002476c938000 Exception <a 'java/lang/NullPointerException'{0x00000006212156b0}> (0x00000006212156b0) thrown at [./src/hotspot/share/runtime/sharedRuntime.cpp, line 606]
Event: 478.756 Thread 0x000002476c938000 Implicit null exception at 0x00000247392dec32 to 0x00000247392deed2
Event: 478.756 Thread 0x000002476c938000 Exception <a 'java/lang/NullPointerException'{0x000000062771ea70}> (0x000000062771ea70) thrown at [./src/hotspot/share/runtime/sharedRuntime.cpp, line 606]
Event: 489.557 Thread 0x000002476c938000 Implicit null exception at 0x000002473fa2777b to 0x000002473fa277c1
Event: 493.150 Thread 0x000002476c938000 Implicit null exception at 0x000002473fa2777b to 0x000002473fa277c1
Event: 529.157 Thread 0x000002476c938000 Implicit null exception at 0x000002473fa2777b to 0x000002473fa277c1
Event: 757.520 Thread 0x000002476c938000 Implicit null exception at 0x0000024740579e3b to 0x000002474057e1c5
Event: 757.528 Thread 0x000002476c938000 Implicit null exception at 0x0000024740579e3b to 0x000002474057e1c5
Event: 757.537 Thread 0x000002476c938000 Implicit null exception at 0x0000024740579e3b to 0x000002474057e1c5
Event: 757.545 Thread 0x000002476c938000 Implicit null exception at 0x0000024740579e3b to 0x000002474057e1c5
Event: 757.749 Thread 0x000002476c938000 Implicit null exception at 0x000002474027952b to 0x000002474027c9a2
Event: 757.759 Thread 0x000002476c938000 Implicit null exception at 0x000002474027952b to 0x000002474027c9a2
Event: 976.641 Thread 0x000002476c938000 Exception <a 'java/lang/NullPointerException'{0x00000006261c8868}> (0x00000006261c8868) thrown at [./src/hotspot/share/interpreter/linkResolver.cpp, line 1358]
Event: 976.705 Thread 0x000002476c938000 Exception <a 'java/lang/NullPointerException'{0x0000000625c93388}> (0x0000000625c93388) thrown at [./src/hotspot/share/interpreter/linkResolver.cpp, line 1358]
Event: 978.734 Thread 0x000002476bc17000 Exception <a 'java/net/SocketException'{0x0000000620a00038}: Socket closed> (0x0000000620a00038) thrown at [./src/hotspot/share/prims/jni.cpp, line 638]
Event: 978.846 Thread 0x000002476c938000 Implicit null exception at 0x00000247406e4a27 to 0x00000247406e4b0c
Event: 978.846 Thread 0x000002476c938000 Implicit null exception at 0x000002473ffafbd3 to 0x000002473ffb0320
Event: 978.847 Thread 0x000002476c938000 Implicit null exception at 0x0000024740610ec9 to 0x0000024740612254
Event: 978.847 Thread 0x000002476c938000 Implicit null exception at 0x000002473f85b0fd to 0x000002473f85b9e8

Events (20 events):
Event: 979.570 Executing VM operation: RevokeBias done
Event: 979.570 Executing VM operation: BulkRevokeBias
Event: 979.570 Executing VM operation: BulkRevokeBias done
Event: 979.571 Thread 0x000002476c93a800 Thread exited: 0x000002476c93a800
Event: 979.572 Thread 0x000002476c93a000 Thread exited: 0x000002476c93a000
Event: 979.572 Thread 0x000002476c938000 Thread exited: 0x000002476c938000
Event: 979.611 Thread 0x000002476bc18000 Thread exited: 0x000002476bc18000
Event: 980.559 Thread 0x000002477150d800 Thread added: 0x000002477150d800
Event: 980.559 Thread 0x000002477150b000 Thread added: 0x000002477150b000
Event: 980.559 Thread 0x0000024771509800 Thread added: 0x0000024771509800
Event: 980.559 Thread 0x000002477150e000 Thread added: 0x000002477150e000
Event: 980.559 loading class sun/font/SunFontManager$8$1
Event: 980.559 loading class sun/font/SunFontManager$8$1 done
Event: 980.559 Thread 0x000002477150e000 Thread exited: 0x000002477150e000
Event: 980.560 Thread 0x000002477150d800 Thread exited: 0x000002477150d800
Event: 980.560 Thread 0x0000024763fad000 Thread exited: 0x0000024763fad000
Event: 980.561 Thread 0x000002477150b000 Thread exited: 0x000002477150b000
Event: 980.611 Thread 0x000002475e1e2800 Thread exited: 0x000002475e1e2800
Event: 980.669 Thread 0x0000024771509800 Thread exited: 0x0000024771509800
Event: 980.669 Executing VM operation: Exit


Dynamic libraries:
0x00007ff609da0000 - 0x00007ff609dad000 	C:\Program Files\Eclipse Adoptium\jdk-11.0.18.10-hotspot\bin\java.exe
0x00007ff8ca690000 - 0x00007ff8ca888000 	C:\WINDOWS\SYSTEM32\ntdll.dll
0x00007ff8c8c60000 - 0x00007ff8c8d1f000 	C:\WINDOWS\System32\KERNEL32.DLL
0x00007ff8c7e30000 - 0x00007ff8c8102000 	C:\WINDOWS\System32\KERNELBASE.dll
0x00007ff8c8330000 - 0x00007ff8c8430000 	C:\WINDOWS\System32\ucrtbase.dll
0x00007ff876f90000 - 0x00007ff876fa9000 	C:\Program Files\Eclipse Adoptium\jdk-11.0.18.10-hotspot\bin\VCRUNTIME140.dll
0x00007ff866ef0000 - 0x00007ff866f07000 	C:\Program Files\Eclipse Adoptium\jdk-11.0.18.10-hotspot\bin\jli.dll
0x00007ff8c8ab0000 - 0x00007ff8c8c51000 	C:\WINDOWS\System32\USER32.dll
0x00007ff8b1cd0000 - 0x00007ff8b1f6a000 	C:\WINDOWS\WinSxS\amd64_microsoft.windows.common-controls_6595b64144ccf1df_6.0.19041.1110_none_60b5254171f9507e\COMCTL32.dll
0x00007ff8c81f0000 - 0x00007ff8c8212000 	C:\WINDOWS\System32\win32u.dll
0x00007ff8ca390000 - 0x00007ff8ca3bb000 	C:\WINDOWS\System32\GDI32.dll
0x00007ff8c86d0000 - 0x00007ff8c876e000 	C:\WINDOWS\System32\msvcrt.dll
0x00007ff8c8430000 - 0x00007ff8c853f000 	C:\WINDOWS\System32\gdi32full.dll
0x00007ff8c8220000 - 0x00007ff8c82bd000 	C:\WINDOWS\System32\msvcp_win.dll
0x00007ff8c91a0000 - 0x00007ff8c91d2000 	C:\WINDOWS\System32\IMM32.DLL
0x00007ff8a1630000 - 0x00007ff8a163c000 	C:\Program Files\Eclipse Adoptium\jdk-11.0.18.10-hotspot\bin\vcruntime140_1.dll
0x00007ff85e710000 - 0x00007ff85e7a1000 	C:\Program Files\Eclipse Adoptium\jdk-11.0.18.10-hotspot\bin\msvcp140.dll
0x00007ff85db50000 - 0x00007ff85e70a000 	C:\Program Files\Eclipse Adoptium\jdk-11.0.18.10-hotspot\bin\server\jvm.dll
0x00007ff8c8a00000 - 0x00007ff8c8aae000 	C:\WINDOWS\System32\ADVAPI32.dll
0x00007ff8c8840000 - 0x00007ff8c88dc000 	C:\WINDOWS\System32\sechost.dll
0x00007ff8ca520000 - 0x00007ff8ca645000 	C:\WINDOWS\System32\RPCRT4.dll
0x00007ff8c9190000 - 0x00007ff8c9198000 	C:\WINDOWS\System32\PSAPI.DLL
0x00007ff8b1210000 - 0x00007ff8b1219000 	C:\WINDOWS\SYSTEM32\WSOCK32.dll
0x00007ff8c0300000 - 0x00007ff8c030a000 	C:\WINDOWS\SYSTEM32\VERSION.dll
0x00007ff8ca4b0000 - 0x00007ff8ca51b000 	C:\WINDOWS\System32\WS2_32.dll
0x00007ff8b7740000 - 0x00007ff8b7767000 	C:\WINDOWS\SYSTEM32\WINMM.dll
0x00007ff8c65e0000 - 0x00007ff8c65f2000 	C:\WINDOWS\SYSTEM32\kernel.appcore.dll
0x00007ff866ee0000 - 0x00007ff866ef0000 	C:\Program Files\Eclipse Adoptium\jdk-11.0.18.10-hotspot\bin\verify.dll
0x00007ff8c5930000 - 0x00007ff8c5b14000 	C:\WINDOWS\SYSTEM32\DBGHELP.DLL
0x00007ff8aa520000 - 0x00007ff8aa555000 	C:\WINDOWS\SYSTEM32\dbgcore.DLL
0x00007ff8c8160000 - 0x00007ff8c81e2000 	C:\WINDOWS\System32\bcryptPrimitives.dll
0x00007ff866eb0000 - 0x00007ff866ed8000 	C:\Program Files\Eclipse Adoptium\jdk-11.0.18.10-hotspot\bin\java.dll
0x00007ff866d40000 - 0x00007ff866d4a000 	C:\Program Files\Eclipse Adoptium\jdk-11.0.18.10-hotspot\bin\jimage.dll
0x00007ff8669c0000 - 0x00007ff8669d8000 	C:\Program Files\Eclipse Adoptium\jdk-11.0.18.10-hotspot\bin\zip.dll
0x00007ff8c9550000 - 0x00007ff8c9c94000 	C:\WINDOWS\System32\SHELL32.dll
0x00007ff8c5e40000 - 0x00007ff8c65d2000 	C:\WINDOWS\SYSTEM32\windows.storage.dll
0x00007ff8c9e10000 - 0x00007ff8ca165000 	C:\WINDOWS\System32\combase.dll
0x00007ff8c77e0000 - 0x00007ff8c7810000 	C:\WINDOWS\SYSTEM32\Wldp.dll
0x00007ff8c92c0000 - 0x00007ff8c936d000 	C:\WINDOWS\System32\SHCORE.dll
0x00007ff8c9ca0000 - 0x00007ff8c9cf5000 	C:\WINDOWS\System32\shlwapi.dll
0x00007ff8c7cc0000 - 0x00007ff8c7cdf000 	C:\WINDOWS\SYSTEM32\profapi.dll
0x00007ff8669a0000 - 0x00007ff8669b9000 	C:\Program Files\Eclipse Adoptium\jdk-11.0.18.10-hotspot\bin\net.dll
0x00007ff8c0880000 - 0x00007ff8c098c000 	C:\WINDOWS\SYSTEM32\WINHTTP.dll
0x00007ff8c7540000 - 0x00007ff8c75aa000 	C:\WINDOWS\system32\mswsock.dll
0x00007ff85d840000 - 0x00007ff85d853000 	C:\Program Files\Eclipse Adoptium\jdk-11.0.18.10-hotspot\bin\nio.dll
0x00007ff8c3540000 - 0x00007ff8c3567000 	C:\Program Files\Eclipse Adoptium\jdk-11.0.18.10-hotspot\bin\sunec.dll
0x00007ff8c3610000 - 0x00007ff8c361e000 	C:\Program Files\Eclipse Adoptium\jdk-11.0.18.10-hotspot\bin\sunmscapi.dll
0x00007ff8c8570000 - 0x00007ff8c86c6000 	C:\WINDOWS\System32\CRYPT32.dll
0x00007ff8c7850000 - 0x00007ff8c7877000 	C:\WINDOWS\SYSTEM32\ncrypt.dll
0x00007ff8c7810000 - 0x00007ff8c784b000 	C:\WINDOWS\SYSTEM32\NTASN1.dll
0x00007ff8c7730000 - 0x00007ff8c7748000 	C:\WINDOWS\SYSTEM32\CRYPTSP.dll
0x00007ff8c6d80000 - 0x00007ff8c6db4000 	C:\WINDOWS\system32\rsaenh.dll
0x00007ff8c8540000 - 0x00007ff8c8567000 	C:\WINDOWS\System32\bcrypt.dll
0x00007ff8c7c40000 - 0x00007ff8c7c6e000 	C:\WINDOWS\SYSTEM32\USERENV.dll
0x00007ff8c7750000 - 0x00007ff8c775c000 	C:\WINDOWS\SYSTEM32\CRYPTBASE.dll
0x00007ff8c71c0000 - 0x00007ff8c71fb000 	C:\WINDOWS\SYSTEM32\IPHLPAPI.DLL
0x00007ff8ca170000 - 0x00007ff8ca178000 	C:\WINDOWS\System32\NSI.dll
0x00007ff8c1b20000 - 0x00007ff8c1b37000 	C:\WINDOWS\SYSTEM32\dhcpcsvc6.DLL
0x00007ff8c19e0000 - 0x00007ff8c19fd000 	C:\WINDOWS\SYSTEM32\dhcpcsvc.DLL
0x00007ff8c7230000 - 0x00007ff8c72fa000 	C:\WINDOWS\SYSTEM32\DNSAPI.dll
0x00007ff8ac8c0000 - 0x00007ff8aca41000 	C:\Program Files\Eclipse Adoptium\jdk-11.0.18.10-hotspot\bin\awt.dll
0x00007ff8c8770000 - 0x00007ff8c883d000 	C:\WINDOWS\System32\OLEAUT32.dll
0x00007ff8c5130000 - 0x00007ff8c51c1000 	C:\WINDOWS\SYSTEM32\apphelp.dll
0x00007ff8c5350000 - 0x00007ff8c53ee000 	C:\WINDOWS\system32\uxtheme.dll
0x00007ff8c88e0000 - 0x00007ff8c89f5000 	C:\WINDOWS\System32\MSCTF.dll
0x00007ff8ca260000 - 0x00007ff8ca38a000 	C:\WINDOWS\System32\ole32.dll
0x00007ff8c5710000 - 0x00007ff8c573f000 	C:\WINDOWS\system32\DWMAPI.DLL
0x00007ff895390000 - 0x00007ff8954b5000 	C:\WINDOWS\system32\opengl32.dll
0x00007ff8c12f0000 - 0x00007ff8c131c000 	C:\WINDOWS\SYSTEM32\GLU32.dll
0x00007ff8bb6c0000 - 0x00007ff8bb77e000 	C:\WINDOWS\System32\DriverStore\FileRepository\nv_dispi.inf_amd64_bd530e4cbd42e0a3\nvldumdx.dll
0x00007ff8c7970000 - 0x00007ff8c7982000 	C:\WINDOWS\SYSTEM32\msasn1.dll
0x00007ff8c0170000 - 0x00007ff8c01a1000 	C:\WINDOWS\SYSTEM32\cryptnet.dll
0x00007ff8bfc00000 - 0x00007ff8bfd48000 	C:\WINDOWS\SYSTEM32\drvstore.dll
0x00007ff8c7b30000 - 0x00007ff8c7b5c000 	C:\WINDOWS\SYSTEM32\devobj.dll
0x00007ff8c8110000 - 0x00007ff8c815e000 	C:\WINDOWS\System32\cfgmgr32.dll
0x00007ff8c82c0000 - 0x00007ff8c8329000 	C:\WINDOWS\System32\WINTRUST.DLL
0x00007ff8c9530000 - 0x00007ff8c954d000 	C:\WINDOWS\System32\imagehlp.dll
0x00007ff85a1f0000 - 0x00007ff85c7f9000 	C:\WINDOWS\System32\DriverStore\FileRepository\nv_dispi.inf_amd64_bd530e4cbd42e0a3\nvd3dumx.dll
0x00007ff8669f0000 - 0x00007ff866cbf000 	C:\WINDOWS\system32\nvspcap64.dll
0x00007ff8c6ea0000 - 0x00007ff8c6ed3000 	C:\WINDOWS\SYSTEM32\ntmarta.dll
0x00007ff8c6610000 - 0x00007ff8c6633000 	C:\WINDOWS\SYSTEM32\gpapi.dll
0x00007ff8bbae0000 - 0x00007ff8bbb1b000 	C:\WINDOWS\SYSTEM32\dxcore.dll
0x00007ff8c2a70000 - 0x00007ff8c2af6000 	C:\Program Files\Eclipse Adoptium\jdk-11.0.18.10-hotspot\bin\freetype.dll
0x00007ff8b4f80000 - 0x00007ff8b5045000 	C:\Program Files\Eclipse Adoptium\jdk-11.0.18.10-hotspot\bin\fontmanager.dll
0x00007ff8c0070000 - 0x00007ff8c0169000 	C:\WINDOWS\SYSTEM32\textinputframework.dll
0x00007ff8c4a30000 - 0x00007ff8c4d8e000 	C:\WINDOWS\System32\CoreUIComponents.dll
0x00007ff8c4f30000 - 0x00007ff8c5022000 	C:\WINDOWS\System32\CoreMessaging.dll
0x00007ff8c4310000 - 0x00007ff8c4464000 	C:\WINDOWS\SYSTEM32\wintypes.dll
0x00007ff8c3570000 - 0x00007ff8c3579000 	C:\Program Files\Eclipse Adoptium\jdk-11.0.18.10-hotspot\bin\management.dll
0x00007ff8c31a0000 - 0x00007ff8c31ab000 	C:\Program Files\Eclipse Adoptium\jdk-11.0.18.10-hotspot\bin\management_ext.dll
0x00007ff8b7860000 - 0x00007ff8b786a000 	C:\Windows\System32\rasadhlp.dll
0x00007ff8bb780000 - 0x00007ff8bb800000 	C:\WINDOWS\System32\fwpuclnt.dll
0x00007ff8c34f0000 - 0x00007ff8c3534000 	C:\Users\ben52\AppData\Local\Temp\jna-93621352\jna4832893659641285072.dll
0x00007ff8c13d0000 - 0x00007ff8c146c000 	C:\Users\ben52\AppData\Local\Temp\jna-93621352\jna2590907966183414056.dll
0x00007ff8c34d0000 - 0x00007ff8c34e1000 	C:\Program Files\Eclipse Adoptium\jdk-11.0.18.10-hotspot\bin\jsound.dll
0x00007ff876ff0000 - 0x00007ff87708c000 	C:\WINDOWS\SYSTEM32\DSOUND.dll
0x00007ff8c7300000 - 0x00007ff8c734b000 	C:\WINDOWS\SYSTEM32\powrprof.dll
0x00007ff8c3240000 - 0x00007ff8c3266000 	C:\WINDOWS\SYSTEM32\winmmbase.dll
0x00007ff8c7200000 - 0x00007ff8c7212000 	C:\WINDOWS\SYSTEM32\UMPDC.dll
0x00007ff8c9d60000 - 0x00007ff8c9e0f000 	C:\WINDOWS\System32\clbcatq.dll
0x00007ff8bd6c0000 - 0x00007ff8bd745000 	C:\WINDOWS\System32\MMDevApi.dll
0x00007ff877090000 - 0x00007ff8770d6000 	C:\WINDOWS\SYSTEM32\wdmaud.drv
0x00007ff8c1ea0000 - 0x00007ff8c1eaa000 	C:\WINDOWS\SYSTEM32\AVRT.dll
0x00007ff8a7c10000 - 0x00007ff8a7c19000 	C:\WINDOWS\SYSTEM32\ksuser.dll
0x00007ff8a8660000 - 0x00007ff8a87e2000 	C:\WINDOWS\SYSTEM32\AUDIOSES.DLL
0x00007ff8a7730000 - 0x00007ff8a773d000 	C:\WINDOWS\SYSTEM32\msacm32.drv
0x00007ff877140000 - 0x00007ff87715e000 	C:\WINDOWS\SYSTEM32\MSACM32.dll
0x00007ff888000000 - 0x00007ff88800b000 	C:\WINDOWS\SYSTEM32\midimap.dll
0x00007ff8c53f0000 - 0x00007ff8c5404000 	C:\WINDOWS\SYSTEM32\resourcepolicyclient.dll
0x00007ff8c01b0000 - 0x00007ff8c02f1000 	C:\Windows\System32\Windows.UI.dll
0x00007ff8c0310000 - 0x00007ff8c03b1000 	C:\Windows\System32\WindowManagementAPI.dll
0x00007ff8bfd50000 - 0x00007ff8bfea2000 	C:\Windows\System32\InputHost.dll
0x00007ff8c03c0000 - 0x00007ff8c05c0000 	C:\WINDOWS\SYSTEM32\twinapi.appcore.dll
0x00007ff8c32c0000 - 0x00007ff8c33b6000 	C:\Windows\System32\PROPSYS.dll
0x00007ff8c2a40000 - 0x00007ff8c2a6d000 	C:\Program Files\Eclipse Adoptium\jdk-11.0.18.10-hotspot\bin\javajpeg.dll
0x00007ff8b4f00000 - 0x00007ff8b4f7f000 	C:\Program Files\Eclipse Adoptium\jdk-11.0.18.10-hotspot\bin\mlib_image.dll
0x00007ff8c1ba0000 - 0x00007ff8c1bab000 	C:\WINDOWS\SYSTEM32\WINNSI.DLL
0x00007ff8bfeb0000 - 0x00007ff8c0064000 	C:\WINDOWS\SYSTEM32\WindowsCodecs.dll
0x00007ff8a54b0000 - 0x00007ff8a54ee000 	C:\WINDOWS\system32\dataexchange.dll
0x00007ff8c3650000 - 0x00007ff8c38b3000 	C:\WINDOWS\system32\d3d11.dll
0x00007ff8c44c0000 - 0x00007ff8c46a3000 	C:\WINDOWS\system32\dcomp.dll
0x00007ff8c6640000 - 0x00007ff8c6733000 	C:\WINDOWS\system32\dxgi.dll
0x00007ff8c35a0000 - 0x00007ff8c35a7000 	C:\Program Files\Eclipse Adoptium\jdk-11.0.18.10-hotspot\bin\jawt.dll
0x00007ff8c2a10000 - 0x00007ff8c2a37000 	C:\Users\ben52\AppData\Local\Temp\10218533068918124255rlawt.dll
0x00007ff8c1ef0000 - 0x00007ff8c1fe7000 	C:\Windows\System32\AppXDeploymentClient.dll
0x00007ff8521f0000 - 0x00007ff855b1e000 	C:\WINDOWS\System32\DriverStore\FileRepository\nv_dispi.inf_amd64_bd530e4cbd42e0a3\nvoglv64.dll
0x00007ff8c8d20000 - 0x00007ff8c9188000 	C:\WINDOWS\System32\SETUPAPI.dll
0x00007ff8c3620000 - 0x00007ff8c3634000 	C:\WINDOWS\SYSTEM32\WTSAPI32.dll

dbghelp: loaded successfully - version: 4.0.5 - missing functions: none
symbol engine: initialized successfully - sym options: 0x614 - pdb path: .;C:\Program Files\Eclipse Adoptium\jdk-11.0.18.10-hotspot\bin;C:\WINDOWS\SYSTEM32;C:\WINDOWS\WinSxS\amd64_microsoft.windows.common-controls_6595b64144ccf1df_6.0.19041.1110_none_60b5254171f9507e;C:\Program Files\Eclipse Adoptium\jdk-11.0.18.10-hotspot\bin\server;C:\WINDOWS\System32\DriverStore\FileRepository\nv_dispi.inf_amd64_bd530e4cbd42e0a3;C:\Users\ben52\AppData\Local\Temp\jna-93621352;C:\Users\ben52\AppData\Local\Temp;C:\Users\ben52\AppData\Local\Temp\lwjgl-rl-amd64\3.3.1-build-7;C:\ProgramData\obs-studio-hook

VM Arguments:
jvm_args: -Dfile.encoding=windows-1252 -Duser.country=US -Duser.language=en -Duser.variant -ea 
java_command: com.erishiongames.MortarPestlePluginTest --developer-mode
java_class_path (initial): F:\Users\Ben\Documents\GitHub\Mortar_Pestle_Runelite_Plugin\build\classes\java\test;F:\Users\Ben\Documents\GitHub\Mortar_Pestle_Runelite_Plugin\build\resources\test;F:\Users\Ben\Documents\GitHub\Mortar_Pestle_Runelite_Plugin\build\classes\java\main;F:\Users\Ben\Documents\GitHub\Mortar_Pestle_Runelite_Plugin\build\resources\main;C:\Users\ben52\.gradle\caches\modules-2\files-2.1\junit\junit\4.12\2973d150c0dc1fefe998f834810d68f278ea58ec\junit-4.12.jar;C:\Users\ben52\.gradle\caches\modules-2\files-2.1\net.runelite\client\1.9.8\7539e28f2cf385667c073dd1611fe2f3a2101e5c\client-1.9.8.jar;C:\Users\ben52\.gradle\caches\modules-2\files-2.1\net.runelite\jshell\1.9.8\31881a5f148947f680142baed534aa9b5e2660a5\jshell-1.9.8.jar;C:\Users\ben52\.gradle\caches\modules-2\files-2.1\org.hamcrest\hamcrest-core\1.3\42a25dc3219429f0e5d060061f71acb49bf010a0\hamcrest-core-1.3.jar;C:\Users\ben52\.gradle\caches\modules-2\files-2.1\ch.qos.logback\logback-classic\1.2.9\7d495522b08a9a66084bf417e70eedf95ef706bc\logback-classic-1.2.9.jar;C:\Users\ben52\.gradle\caches\modules-2\files-2.1\net.runelite\runelite-api\1.9.8\38ce48f0eebaff18192a31b905d70f82e13432a3\runelite-api-1.9.8.jar;C:\Users\ben52\.gradle\caches\modules-2\files-2.1\net.runelite.arn\http-api\1.1.8\156eaa9a6093d76f41f7b974a398ec4b3a6ec80f\http-api-1.1.8.jar;C:\Users\ben52\.gradle\caches\modules-2\files-2.1\org.slf4j\slf4j-api\1.7.32\cdcff33940d9f2de763bc41ea05a0be5941176c3\slf4j-api-1.7.32.jar;C:\Users\ben52\.gradle\caches\modules-2\files-2.1\net.sf.jopt-simple\jopt-simple\5.0.1\20f7d76f9d06033d68f1b8e58666e7c542e91f08\jopt-simple-5.0.1.jar;C:\Users\ben52\.gradle\caches\modules-2\files-2.1\com.google.inject\guice\4.1.0\faf9ee8ac09eafd1128091426dd367a8c0085d55\guice-4.1.0-no_aop.jar;C:\Users\ben52\.gradle\caches\modules-2\files-2.1\com.google.guava\guava\23.2-jre\a1a3e54263d357d2ecadcb3f5e7eb6464c66fe93\guava-23.2-jre.jar;C:\Users\ben52\.gradle\caches\modules-2\files-2.1\com.google.code.gson\gson\2.8.5\f645ed6
Launcher Type: SUN_STANDARD

[Global flags]
     intx CICompilerCount                          = 4                                         {product} {ergonomic}
     uint ConcGCThreads                            = 2                                         {product} {ergonomic}
     uint G1ConcRefinementThreads                  = 8                                         {product} {ergonomic}
   size_t G1HeapRegionSize                         = 2097152                                   {product} {ergonomic}
    uintx GCDrainStackTargetSize                   = 64                                        {product} {ergonomic}
   size_t InitialHeapSize                          = 536870912                                 {product} {ergonomic}
   size_t MarkStackSize                            = 4194304                                   {product} {ergonomic}
   size_t MaxHeapSize                              = 8573157376                                {product} {ergonomic}
   size_t MaxNewSize                               = 5142216704                                {product} {ergonomic}
   size_t MinHeapDeltaBytes                        = 2097152                                   {product} {ergonomic}
    uintx NonNMethodCodeHeapSize                   = 5836300                                {pd product} {ergonomic}
    uintx NonProfiledCodeHeapSize                  = 122910970                              {pd product} {ergonomic}
    uintx ProfiledCodeHeapSize                     = 122910970                              {pd product} {ergonomic}
    uintx ReservedCodeCacheSize                    = 251658240                              {pd product} {ergonomic}
     bool SegmentedCodeCache                       = true                                      {product} {ergonomic}
     bool UseCompressedClassPointers               = true                                 {lp64_product} {ergonomic}
     bool UseCompressedOops                        = true                                 {lp64_product} {ergonomic}
     bool UseG1GC                                  = true                                      {product} {ergonomic}
     bool UseLargePagesIndividualAllocation        = false                                  {pd product} {ergonomic}

Logging:
Log output configuration:
 #0: stdout all=warning uptime,level,tags
 #1: stderr all=off uptime,level,tags

Environment Variables:
PATH=C:\Program Files\Eclipse Adoptium\jdk-11.0.18.10-hotspot\bin;C:\Program Files (x86)\Common Files\Oracle\Java\javapath;C:\WINDOWS\system32;C:\WINDOWS;C:\WINDOWS\System32\Wbem;C:\WINDOWS\System32\WindowsPowerShell\v1.0\;C:\WINDOWS\System32\OpenSSH\;C:\Program Files\NVIDIA Corporation\NVIDIA NvDLISR;D:\Programs\Git\cmd;C:\Program Files (x86)\NVIDIA Corporation\PhysX\Common;C:\Users\ben52\AppData\Local\Programs\Python\Python311\Scripts\;C:\Users\ben52\AppData\Local\Programs\Python\Python311\;C:\Users\ben52\AppData\Local\Microsoft\WindowsApps;F:\Programs\Microsoft VS Code\bin;C:\Users\ben52\AppData\Local\GitHubDesktop\bin;C:\Users\ben52\AppData\Local\JetBrains\Toolbox\scripts;
USERNAME=ben52
OS=Windows_NT
PROCESSOR_IDENTIFIER=Intel64 Family 6 Model 158 Stepping 9, GenuineIntel
TMP=C:\Users\ben52\AppData\Local\Temp
TEMP=C:\Users\ben52\AppData\Local\Temp



---------------  S Y S T E M  ---------------

OS: Windows 10 , 64 bit Build 19041 (10.0.19041.2364)
OS uptime: 0 days 1:04 hours

CPU:total 8 (initial active 8) (4 cores per cpu, 2 threads per core) family 6 model 158 stepping 9 microcode 0xb4, cmov, cx8, fxsr, mmx, sse, sse2, sse3, ssse3, sse4.1, sse4.2, popcnt, avx, avx2, aes, clmul, erms, rtm, 3dnowpref, lzcnt, ht, tsc, tscinvbit, bmi1, bmi2, adx, fma

Memory: 4k page, system-wide physical 32698M (21128M free)
TotalPageFile size 37562M (AvailPageFile size 20466M)
current process WorkingSet (physical memory assigned to process): 1501M, peak: 1601M
current process commit charge ("private bytes"): 4608M, peak: 4966M

vm_info: OpenJDK 64-Bit Server VM (11.0.18+10) for windows-amd64 JRE (11.0.18+10), built on Jan 18 2023 04:27:27 by "" with MS VC++ 16.7 (VS2019)

END.
